949B8B994542
93998C994543
94988B994544
95998B994545
95998B994546
95998C994547
95998C994548
959A8C994549
949A8B99454A
939B8B99454B
939A8B99454C
94998B99454D
94998B99454E
95998C99445F
95998B994440
94988B994441
93978A994442
93978B994443
93978B994444
93978B994445
93968B994446
94978B994447
93968B994448
93968B994449
93958B99444A
94958C99444B
94958C99444C
93958B99444D
93958B99444E
92948B99444F
91938B994440
91928B994441
92938C994442
92928B994443
92938B994444
91928B994445
91928C994446
91928C994447
92928C994448
91918B994449
90918C99444A
91928B99444B
91928B99444C
92918B99444D
92938B99444E
91938B99444F
91928B994440
90928B994441
90938C994442
91928B994443
90928B994444
90918B994445
8F908B994446
8F908B994447
90908B994448
91918B994449
91928B99444A
91928C99444B
90908B99444C
91908B99444D
90908B99444E
90918C99444F
90908B994440
91908B994441
91908B994442
90908B994443
8F8F8B994444
8E8F8C994645
8E8E8C994646
8E8E8C994647
8E8D8C994648
8E8E8C994649
8D8D8B99464A
8F8D8C99464B
8F8C8B99464C
8E8E8B99464D
8E8D8B99464E
8D8D8B99464F
8D8E8B994640
8C8E8C994641
8C8C8B994642
8D8C8C994643
8E8D8B994644
8E8E8C994645
8D8D8B994646
8E8D8C994647
8E8D8C994648
898786994649
8F8E9699464A
A0A1A399464B
AAAC9E99444C
ADB09899444D
ACB09399444E
ABB09199444F
A9AE90994440
A6AB90994441
A3A88F994442
A1A68F994443
A0A48F994444
9EA28F994445
9CA08E994446
9B9F8F994447
9A9D8E994448
999B8E994449
979A8E99444A
96998F99444B
94988E99444C
93978E99444D
93958E99444E
92938D99444F
93938E994440
92938D994441
91918D994442
8E8F8D990553
8D8E8D990544
8D8F8D990545
8C8F8E990546
8D8E8D990547
8D8D8D990548
8D8C8D990549
8C8C8D99054A
8B8B8D99054B
8A8A8D99054C
8A898D99054D
8A888C99054E
8B898C99054F
8A898C990540
898A8C990541
8A898C990542
8A878C990543
8A878D990544
8A878C990545
8A868C990546
8A868B990547
8A868C990548
89848C990549
89858C99054A
8A868C99054B
8B878D99054C
89888C99054D
89878C99054E
88858C99054F
87848C990540
88838C990541
89848B990542
88858C990543
87858C990544
86868C990545
86868B990546
87868B990547
87868B990548
87858C990549
88838C99054A
89838B99054B
89848B99054C
88848C99054D
86858B99054E
86858C99054F
87848C990540
88848C990541
87838B990542
88858C990543
88868C990544
88868C990545
88868C990546
88868C990547
88848B990548
88848C990549
88848B99054A
89858C99054B
89848B99054C
89848B99054D
86848B99054E
87848B99054F
87858C990540
88878C990541
89878B990542
89878B990543
89868B990544
89868C990545
87858C990546
87868C990547
88868B990548
86868B990549
86868B99054A
86868B99054B
87858B99054C
88868C99054D
88878B99054E
89878C99054F
89868B990540
89868B990541
88868C990542
88868C990543
87868C990544
87868B990545
87878B990546
87878B990547
87868B990548
87878C990549
87878B99054A
87868B99054B
86878B99054C
88878B99054D
88878B99054E
89888C99054F
89878B990540
89868C990541
88858B990542
89868B990543
89878B990544
8A8A8C990545
8A898C990546
88878C990457
87878B990448
88878B990449
88868B99044A
88888C99044B
87888C99044C
88898C99044D
88898B99044E
88888B99044F
88888C990440
89878C990441
89868B990442
89888B990443
89878B990444
8A888B990445
8A888B990446
8C888B990447
8C898B990448
8C888B990449
8A878A99044A
89878B99044B
89878B99044C
8A898C99044D
8B898B99044E
8B8A8B99044F
8A898B990440
88888C990441
88898C990442
88898C990443
89888B990444
8A888B990445
89878B990446
89878B990447
8A878B990448
8A888C990449
89888C99044A
89898C99044B
8A8A8B99044C
8B8A8B99044D
8C898B99044E
8B898C99044F
8B898B990440
8B898C990441
8A898B990442
8B898C990443
8A898C990444
8A898B990445
8A898C990446
8A888B990447
89898C990448
89898B990449
8A8A8C99044A
8A8B8B99044B
8A8B8C99044C
8A898B99044D
8B898B99044E
8B898B99044F
8B8B8C990440
8A8B8C990441
8B8A8C990442
8B8A8C990443
8A8A8B990444
8A898B990445
89898C990446
8B888C990447
8C888B990448
8A878B990449
8A898C99044A
8A8A8C99044B
898A8C99044C
89898B99044D
898A8B99044E
888B8B99044F
888B8B990440
8A8C8C990441
898C8B990442
898A8B990443
8A898B990444
8B898B990445
8B898B990446
8B898C990447
8B8A8B990448
8B8A8B990449
8B8A8B99044A
8B8B8B99044B
8B8B8B99044C
8B8B8C99044D
8C8A8C99044E
8C8B8C99044F
8A8B8B990440
8A8A8B990441
89898B990442
8C8A8C990443
8C8B8C990444
8C8B8C990445
8C8B8B990446
8C8A8B990447
8B8A8B990448
8A8A8B990449
8A8B8C99044A
8A8A8B99054B
8A8A8B99054C
8A8B8B99054D
8B8B8C99054E
8B8B8B99054F
8B8C8B990540
8B8D8B990541
8B8C8B990542
8B8B8B990543
8C8B8C990544
8B8B8B990545
8B8B8C990546
8B8B8B990547
8B8A8B990548
8B8A8C990549
8C8A8C99054A
8C8A8C99054B
8B8A8C99054C
8A8B8B99054D
8A8B8C99054E
8A8B8B99054F
8A8A8B990540
8A8A8C990541
8B8B8C990542
8B8A8C990543
8A8A8C990544
8A8C8C990545
8B8B8C990546
8A8A8C990547
8A898B990548
8B8A8B990549
8B8C8B99054A
8D8D8C99054B
8D8D8B99054C
8B8C8C99054D
8B8B8B99054E
8B8B8B99054F
8C8A8B990540
8C8A8C990541
8C8A8C990542
8D8B8C990543
8C8B8B990544
8B8B8B990545
8A8B8B990546
8B8C8C990547
8B8C8B990548
8D8C8C990549
8C8C8C99054A
8B8B8C99054B
8A8B8B99054C
8B8B8C99054D
8C8C8B99054E
8C8B8B99054F
8B8A8B990540
8B8A8B990541
8B8B8C990542
8B8B8B990543
8B8B8C990544
8B8C8C990545
8B8B8C990546
8C8B8B990547
8C8B8C990548
8A8C8C990549
888D8B99054A
8A8C8C99054B
8C8C8C99054C
8E8D8C99054D
8C8D8C99054E
8B8C8B99054F
8D8B8C990540
8B8B8B990541
8A8B88990542
777573990543
6D6B79990544
6A6A81990545
6C6C85990546
6E6B86990547
706987990548
736D87990549
746F8899054A
76708899054B
78738899054C
7B758999054D
7D778999054E
7F7A8899054F
807B89990540
807D89990541
807F8A990542
828089990543
858189990544
858089990545
87828A990546
888289990547
87828A990548
87838A990549
88848A99054A
89858A99054B
8A878A99054C
8B898A99054D
89888A99054E
8B878A99045F
8B898A990440
898A8A990441
8A898A990442
8A8A89990443
8B8C8B990444
8C8D8B990445
8C8C8B990446
8D8C8B990447
8D8C8B990448
8F8B8B990449
8D8E8B99044A
817E7799044B
6D5C8699044C
62499299044D
5E439199044E
5E458D99544F
644F8A994440
68538A994441
6D5688994442
715C89994443
74608A994444
77638A994445
78648A994446
7A678A994447
7C6B8B994448
7F6F8B994449
80738B99444A
82788B99444B
847A8A99444C
837E8B99444D
85808B99444E
86818B99444F
848080994440
838287994441
87858F994442
8A868F994443
8D878E994444
8E8B8D994445
8D8D8C994446
8E8E8C994447
8F8F8C994448
8E908C994449
8F918C99444A
92938C99444B
93928C99444C
92928C99444D
90928C99444E
90928C99444F
92948C994440
94958C994441
92988D994442
93988C994443
93988D994444
929B8C994445
939B8C994446
949B8C994447
94998C994448
959A8C994449
939A8C99444A
939A8B99444B
93998C99444C
92988B99444D
919C8D99444E
929D8D99444F
949D8C994440
939C8C994441
939E8D994442
949E8C994443
949E8D994444
949D8D994445
949D8D994446
959D8C994447
959C8D994448
949D8D994449
949C8C99444A
929B8C99444B
939D8D99444C
939F8C99444D
949D8D99444E
959D8D99444F
949C8D994440
949C8C994441
939B8C994442
949D8D994443
949C8D994444
959C8D994445
959D8C994446
949A8C994447
94998C994448
93998C994449
939A8C99444A
949B8C99444B
949A8C99444C
969B8C99444D
969C8D99444E
959A8C99444F
94988D994440
94978D994441
93998E994442
959A8C994553
959A8C994544
94998C994545
92998C994546
909A8C994547
91988C994548
93978D994549
92978D99454A
93988C99454B
93978C99454C
93978D99454D
93978D99454E
92978D99454F
93968C994540
91988C994541
92978C994542
91958C994543
92968C994544
91968D994545
91958D994546
91948D994547
92958D994548
91958D994549
92968C99454A
90968C99454B
90958C99454C
91958C99454D
91958D99454E
93968D99454F
91948D994540
92938C994541
91938B994542
8E9190994543
9799A3994544
9E9FA1994545
A1A099994546
A4A195994547
A0A092994548
9F9E91994549
9E9F9099454A
9D9E9099454B
9B9E9099454C
9BA08F99454D
989F8F99454E
989D8F99454F
989B8F994540
979A8F994541
95998E994542
94978E994543
95998E994544
96988F994545
93978F994546
93978E994547
93968E994548
92978E994549
91978E99454A
90988F99454B
8F968E99454C
8E928E99454D
8E918E99454E
90918E99454F
90928D994540
8F908D994541
8E8F8E994542
8F908E994543
8F918D994544
8F908D994545
8D908D994546
8E8F8D994547
8F8F8D994548
8E8E8D994549
8C8D8D99454A
8C8F8C99454B
8C8F8D99454C
8B908D99454D
8A8E8D99454E
8B8D8D99454F
8C8D8C994540
8B8D8D994541
8C8D8C994542
8B8E8D994543
8C8F8D994544
8D8D8D994545
8D8D8D994546
8B8C8C994547
8A8D8D994548
8A8F8D994549
8A8E8C99454A
8A8B8C99454B
8B8A8C99454C
8B898C99454D
8D8A8C99454E
8E8C8C99454F
8E8D8C994540
8B8D8C994541
8C8D8C994542
8B8D8C994543
8B8C8D994544
898B8D994545
8A8A8C994546
8B8A8C994457
8D8B8C994448
8C8B8C994449
8B8C8C99444A
898C8C99444B
898A8B99444C
8A8B8B99444D
8A8A8B99444E
898C8C99464F
8A8C8D994640
8A8C8C994641
8A8B8C994642
8A898B994643
8A898B994644
898A8C994645
8A898C994646
8A898C994647
8A8A8C994648
8B8B8C994649
8B8B8D99464A
8B8A8D99464B
89898C99464C
89888C99464D
8B898C99464E
8B898C99464F
8A898C994640
8B888C994641
8A898C994642
8A898C994643
898B8C994644
898A8C994645
898A8C994646
888B8C994647
898B8C994648
898B8C994649
8A8C8C99464A
8C8A8B99464B
8D898B99464C
8A898C99464D
8B8A8B99464E
8C8B8B99464F
8B8A8B994640
898A8B994641
8A8B8B994642
888B8C994643
8A8C8C994644
8C8C8B994645
8A8A8B994646
89898C994647
8B8A8B994648
8B8C8B994649
8A8B8B99464A
898B8B99464B
8A8B8C99464C
898B8B99464D
8A8C8B99464E
8A8B8B99464F
8A898C994640
8A8A8B994641
8B898B994642
8A888A994643
898A8C994644
888B8C994645
8A8C8B994646
8B8B8B994647
8B8A8B994648
8C8B8B994649
8D8C8B99464A
8B8C8B99464B
8A8D8B99464C
8A8B8C99464D
898C8C99464E
8A8B8C99464F
8B898B994640
8A888B994641
8B8A8B994642
8B8B8C994643
8A8B8C994644
8A8A8C994645
8B8A8C994646
8B898C994647
8C888C994648
8C888B994649
898A8B99464A
8A8B8B99464B
898A8C99464C
88898C99464D
8A898C99464E
8B8B8B99464F
8A8C8B994640
8B8D8C994641
8A8C8C994642
8B8B8C994643
89888B994644
8A898B994645
888B8B994646
898B8C994647
8A8B8C994648
898A8B994649
89878B99464A
8A8B8C99074B
8B8B8C99074C
8B8B8B99074D
8B8B8B99074E
8B8A8B99074F
8B8B8C990740
8A8B8C990741
888B8C990742
898A8C990743
8B8B8C990744
8B8B8C990745
8A8B8C990746
8B8A8C990747
8A8A8B990748
8A8A8B990749
898A8B99074A
8B8B8B99074B
8C8A8B99074C
8B8B8B99074D
8B8A8B99074E
8A8C8B99074F
898D8C990740
8A8B8C990741
898C8C990742
898C8C990743
8A8B8C990744
8B8A8C990745
8D8B8C990746
8C8C8C990747
8B8C8C990748
8B8A8C990749
898A8B99074A
88888B99074B
8A8A8C99074C
8C8B8B99074D
8C8A8B99074E
8C8A8C99074F
8A8B8C990740
8A8B8C990741
898B8C990742
888C8C990743
898C8C990744
8B8B8C990745
8B8B8C990746
8A8E8C990747
8A8C8C990748
8B8D8C990749
8B8B8C99074A
8A898C99074B
8B8A8B99074C
8A8A8C99074D
8A8A8C99074E
8A898B99074F
8A898B990740
8C8A8B990741
8C8A8B990742
8B898B990743
8A8B8C990744
8A8B8B990745
8B8C8B990746
8C8D8C990747
8C8B8C990748
8B8A8C990749
8C8A8C99074A
8B8C8D99074B
898D8C99074C
898D8C99074D
8C8C8C99074E
8C8B8C99074F
8B8B8C990740
8D8B8C990741
8B8B8B990742
8A8B8B990743
898A8B990744
878A8B990745
898A8B990746
898B8C990747
8B8D8C990748
8C8B8C990749
8C8A8B99074A
8B8C8B99074B
8A8B8C99074C
8B8A8C99074D
8B8B8C99074E
8A8B8C99074F
8B8C8C990740
8D8B8C990741
8D8D8C990742
8C8A8C990743
8B888B990744
8A898B990745
89898B990746
8B8B8B990747
898A8C990748
898A8B990749
8B8A8B99074A
8C888C99074B
8C8B8C99074C
898B8C99074D
898D8A99074E
8A8B8B99064F
8B8B8C990640
8A8C8C990641
8B8B8C990642
8C8C8C990643
8C8B8C990644
8B8B8C990645
8A8C8C990646
8B8C8C990647
8C8C8B990648
8C8C8B990649
8C8E8C99064A
8D8D8C99064B
8D8D8B99064C
8C8D8B99064D
8B8E8C99064E
8A8D8C99064F
8A8D8C990640
8B8C8C990641
8A8B8C990642
8B8A8B990643
8B8C8B990644
8A8B8C990645
8B8A8C990646
8B8B8C990647
8B898C990648
8B8A8C990649
8B898C99064A
8B898C99064B
8A8B8C99064C
8C8D8C99064D
8D8E8C99064E
8B8D8C99064F
7E8471990640
777E78990641
777E81998462
797E86998463
7B7E87998464
7C7E88998465
7F8089998466
7E8089998467
7E8089998468
807F89998469
82818999844A
84838999844B
83828999844C
84838999844D
88848999844E
86858999844F
868689998440
888689998441
898789998442
878789998443
878789998444
8A858A998445
89888A998446
8A888A998447
8B898A998448
8C8B8A998449
8C8B8B99844A
8C8A8B99844B
8B8A8B99844C
8A8A8A99844D
8C898A99844E
8C8A8A99844F
8B898B998440
8A8A8B998441
8C8B8B998442
8D8C8B998443
8C8C8B998444
8D8D8B998445
8C8C8B998446
898B7D998447
899373998448
93A780998449
98B68699844A
9ABD8899844B
9ABE8899844C
99BD8899844D
97BB8899844E
96B68899844F
96B488998440
97B188998441
96AD88998442
96AC88998443
94A988998444
93A789998445
93A389998446
94A289998447
95A089998448
929E89998449
919E8A99844A
8F9D8A99844B
919C8A99844C
91998899844D
8C928499844E
8D938C99844F
8E958E998440
8F948C998441
91928B998442
90938B998553
90928B998544
90918B998545
91918C998546
92908C998547
90908C998548
8E8F8B998549
8D8E8B99854A
8E8D8B99854B
908D8B99854C
908D8B99854D
918D8B99854E
8F8C8B99854F
8F888B998540
8C868C998541
8E878C998542
8F898C998543
8F898C998544
8F888C998545
8F898C998546
8E888C998547
90888D998548
8F868C998549
8F878C99854A
8D888C99854B
8C878C99854C
8B858C99854D
8E878B99854E
8C868C99854F
8B858C998540
8B848C998541
8C838C998542
8B838C998543
8D848D998544
8E848C998545
8C848D998546
8D868C998547
8C858C998548
8B828C998549
8D828D99854A
8B858C99854B
8A868C99854C
8B848C99854D
89868C99854E
8A868C99854F
89868C998540
8A868C998741
8D868D998742
8D868D998743
8B858C998744
8C858D998745
8E848D998746
8B858C998747
8A858C998748
8C848C998749
8D838C99874A
8D848C99874B
8C868D99874C
8C888E99874D
8C898D99874E
8C898D99874F
8C898D998740
878386998741
7E7A80998742
7D7787998563
7F778A998564
7F778B998565
80788C998566
81788C998567
857B8C998548
867E8B998549
857D8B99854A
847C8B99854B
847E8C99854C
857E8C99854D
88808C99854E
87808C99854F
87818C998540
85808C998541
85808B998542
88828C998543
86848C998544
88858C998545
8A848C998546
8A858C998547
8A838C998548
8B858B998549
8B878C99854A
8B868C99854B
8A878C99854C
8A888C99854D
89878C99854E
8B898C99854F
8A888C998540
8A888C998541
8A888D998542
89898D998543
89888C998544
89898B998545
88888B998546
8C898C998457
8A8A8C998448
8C8A8D998449
8C888D99844A
8B898D99844B
8A8A8D99844C
898B8D99844D
8B8C8C99844E
8B8B8C99844F
8B8B8C998440
898A8C998441
8B8B8C998442
8B8C8B998443
8B8C8C998444
8C8B8C998445
8D8C8D998446
8D8C8C998447
8E8C8C998448
8C8C8D998449
8B8D8D99844A
8B8D8D99844B
8B8D8C99844C
8E8B8C99844D
8C8B8D99844E
8B8B8C99844F
8B8C8C998440
8C8D8D998441
8E8D8D998442
8C8D8D998443
8C8D8D998444
8A8D8D998445
8B908D998446
8C8F8C998447
8B8D8C998448
898B8C998449
8B8C8C99844A
8D8D8C99844B
8C8E8D99844C
8B8E8D99844D
898D8D99844E
8A8C8D99844F
8B8E8D998440
8B8D8D998441
8C8E8C998442
8D8D8B998443
8D8D8D998444
8D8D8D998445
8C8F8D998446
8C908D998447
8C8E8C998448
8B8D8C998449
8A8D8C99844A
8B8C8C99844B
8D8B8C99844C
8E8C8C99844D
8D8D8D99844E
8D8C8D99844F
8C8C8D998440
8B898C998441
8C898C998442
8E8D8C998443
8E8E8C998444
8D8D8C998445
8D8E8D998446
8C8F8D998447
8C8D8D998448
898B8D998449
8A8A8D99844A
8A8A8D99844B
8B8C8D99844C
8C8D8D99844D
8D8E8D99844E
8C8E8C99844F
8A8E8D998440
8B8F8C998441
8B8E8C998442
8B8D8C998443
8A8E8C998444
898C8C998445
898B8C998446
898B8D998447
8B8C8C998448
8C8C8C998449
898A8799844A
8E909499844B
999B9D99844C
9FA19999844D
A0A59499844E
9FA59199844F
9EA590998440
9DA58F998441
99A08F998442
989E8F998443
999F8E998444
959C8F998445
949C8F998446
939B8F998447
949A8E998448
93988E998449
91978E99844A
91978E99855B
8F958D99854C
8E938E99854D
8F928D99854E
8F938D99854F
90928E998540
8E928E998541
8D918D998542
8C908E998543
8C908D998544
8D8F8D998545
8B8E8D998546
8C8E8D998547
8B8D8C998548
8C8D8D998549
8D8E8C99854A
8C8E8D99854B
8D8E8D99854C
8B8E8D99854D
898B8C99854E
898B8D99854F
8A8B8C998540
8A898D998541
89878D998542
8A8B8D998543
8A8A8D998544
8A8B8D998545
8A8D8C998546
898A8D998547
89898C998548
89878D998549
89888D99854A
89878D99854B
89878D99854C
8A8A8D99854D
8A898C99854E
898A8C99854F
8A898C998540
8A888C998541
89878C998542
8A888C998543
88898C998544
898A8D998545
8B8A8D998546
89898D998547
89888B998548
88888C998549
898A8C99854A
8A868C99854B
88858C99854C
8A878C99854D
89898C99854E
8A898C99874F
8B888C998740
8B898D998741
898A8C998742
8B8B8C998743
89898C998744
89888C998745
8B878C998746
8C878C998747
8B888C998748
8A8B8C998749
8B8A8C99874A
8C8A8C99874B
8A898C99874C
888A8C99874D
888A8C99874E
89898C99874F
8A898A998740
88898B998741
878A8B998742
8A898C998743
8A8B8C998744
8B898B998745
8A878B998746
89868C998747
88868C998748
88888C998749
87898C99874A
87878C99874B
88868B99874C
8A888C99874D
8A878C99874E
88888C99874F
88888C998740
87878C998741
88878C998742
89878C998743
89888C998744
89898C998745
888A8C998746
86888C998747
87898C998748
86898C998749
88898C99874A
89888C99874B
8A868C99874C
8B868B99874D
89858B99874E
89888B99864F
89888C998640
89898C998641
898A8C998642
8A8A8C998643
8B8A8C998644
8C8A8D998645
8A898C998646
89888D998647
89898B998648
8A8B8B998649
8B8C8C99864A
8C8C8C99864B
8A8D8C99864C
888C8B99864D
888B8B99864E
888A8B99864F
898B8B998640
8A8B8B998641
898A8B998642
8B8B8C998643
8D8C8C998644
8D8C8B998645
8B8A8C998646
8A8A8C998647
8A898B998648
898B8C998649
8A8D8C99864A
8B8A8C99864B
8A8B8C99864C
8A8A8C99864D
8B8B8C99864E
8C8C8C99864F
8C8B8C998640
8A8A8C998641
8A8C8C998642
8A8A8C998643
8A8C8C998644
898A8B998645
8A8A8C998646
8B8A8C998647
8A8A8C998648
8A898C998649
8A8A8C99864A
8A8B8C99864B
8B8B8C99864C
8B8A8C99864D
8A8A8B99864E
8A8B8B99864F
8B8B8B998640
8C8A8C998641
8C8B8B998642
8C8C8B998643
8D8C8B998644
8D8D8C998645
8C8B8C998646
8B8A8C998647
8B8A8B998648
8B8A8C998649
8C8B8B99864A
8D8B8C99864B
8B8C8C99864C
8A8C8C99864D
8A8C8B99864E
8B8D8C99864F
8D8B8D998640
8C8E8C998641
8B8C8C998642
8B8C8B998643
8A8D8C998644
898B8C998645
8A8A8C998646
8A8A8C998647
8B8C8C998648
8B8B8C998649
898A8B99864A
8C8B8C99864B
8E8D8C99864C
8C8D8C99864D
8C8E8C99864E
8C8C8C99864F
8C8C8C998640
8B8B8C998641
8B8B8C998642
8A8B8B998643
8B8A8C998644
8B8B8C998645
8B8B8C998646
8B8C8C998647
8A8A8C998648
89898B998649
898B8B99864A
8A8B8C99864B
8B8B8C99864C
898C8B99864D
898B8C99864E
898B8B99864F
8B8C8C998640
8A8C8C998641
8A8D8C998642
8A8E8C998743
8C8C8C998744
8A8B8C998745
8A8C8C998746
8A8C8B998747
8B8A8C998748
8D8C8C998749
8D8C8C99874A
8D8C8C99874B
8D8D8C99874C
8C8B8B99874D
8A8A8B99874E
8B8B8B99874F
8A8D8C998740
898C8C998741
8B8D8C998742
8D8E8C998743
8C8D8C998744
8C8C8C998745
8C8C8C998746
8B8E8C998747
8A8E8C998748
8A8D8C998749
8B8C8C99874A
8D8D8C99874B
8A8D8D99874C
8A8C8C99874D
898A8C99874E
8A8A8C99874F
8B8B8C998740
8B8D8C998741
8B8B8C998742
8C8B8C998743
8B8A8C998744
8B898B998745
89898C998746
888A8A998747
8B8C8C998748
8B8A8B998749
8B8A8C99874A
8A8A8C99874B
898B8C99874C
8B8B8C99874D
8C8B8C99874E
8C8C8C99874F
8E8D8C998740
8D8E8C998741
8C8B8D998742
8B898C998743
8A888B998744
8A888C998745
8A8C8C998746
8C8E8C998747
8A8D8C998748
8B8E8C998749
8C8D8C99874A
8A8B8C99874B
8C8B8C99874C
8E8A8C99874D
8C8B8C99874E
8C8A8C99874F
8D8A8C998740
8C8A8C998741
8B8B8C998742
8C8C8C998743
8C8D8C998744
8B8D8C998745
8B8D8C998746
8D8F8C998747
8C8E8B998748
8C8C8B998749
8B8D8B99874A
8B8D8C99874B
8B8B8C99874C
8A8B8C99874D
8A8B8C99874E
8A8B8B99874F
8A8C8C998740
8B8C8C998741
8C8D8C998742
8C8C8C998743
8B8C8C998744
8C8C8C998745
8B8C8C998746
81837B998747
797A7F998748
767684998569
77768899856A
79778999856B
7B778999856C
7B778999856D
7B778999856E
7D788A99856F
817A8A998560
827B8A998541
837D8A998542
827D8A998543
827F8A998544
83808A998545
85838B998546
86848A998457
88858A998448
88868A998449
86858A99844A
88868A99844B
89868B99844C
8A888A99844D
8B898A99844E
8B898A99844F
8B8A8B998440
8C898B998441
8C888B998442
8B8B8B998443
8C8A8A998444
8C8B8C998445
8B8B8C998446
8A8A8B998447
8B8B8B998448
8D8B8B998449
8C8A8B99844A
8A8C8B99844B
8B8D8C99844C
8A8C8C99844D
8B8D8C99844E
888A8399844F
848A73998440
90947A998441
9C9B81998442
A19E85998443
A1A088998444
A0A288998445
9FA088998446
9D9F88998447
9C9D88998448
9C9B87998449
999B8899844A
999A8999844B
98998999844C
97998999844D
97998999844E
95988999844F
969889998440
949689998441
93978A998442
92958A998443
91948B998444
8A8D88998445
8C908B998446
8E928C998447
8F928B998448
90928B998449
91928B99844A
8F928B99844B
8D928B99844C
8F938B99844D
90928A99844E
91928B99844F
8D918A998440
8C908B998441
8C918B998442
8B918B998443
8C908B998444
8D908B998445
8C908B998446
8E8F8B998447
8E908B998448
8E8F8C998449
8E8F8C99844A
8D8E8B99844B
8C8E8B99844C
8B8F8C99844D
8B8E8C99844E
8C8E8C99844F
8C8D8B998440
8B8D8C998441
8A8D8B998442
8B8D8B998443
8A8F8B998444
8C8E8C998445
8A8D8C998446
8A8C8C998447
8B8D8C998448
8B8D8C998449
8C8D8C99844A
8D8C8C99844B
8B8B8C99844C
8B8D8D99844D
8C8D8D99844E
8B8C8D99844F
898C8C998440
8B8C8C998441
8A8B8C998442
898B8B998443
888C8B998444
898C8C998445
898D8C998446
898F8C998447
898E8D998648
8B8B8D998649
8C8B8D99864A
8A8C8C99875B
8A8C8C99874C
8A8D8C99874D
8B8C8C99874E
8C8C8C99874F
8B8B8C998740
8B8C8C998741
8A8A8C998742
898A8C998743
8A8C8C998744
8C8C8C998745
8B8C8C998746
898C8D998747
898A8C998748
8A8B8C998749
8A8B8D99874A
888A8C99874B
888A8D99874C
898C8C99874D
898C8C99874E
888B8C99874F
89898C998740
88898D998741
89898D998742
8B8C8D998743
8B8A8C998744
8C8A8B998745
8B898B998746
8B8A8C998747
8A8B8C998748
8B8B8C998749
8B8A8D99874A
8B8A8D99874B
8C8A8D99874C
8C8C8D99874D
8B8B8C99874E
8B8B8D99874F
8A8C8D998740
8A8C8D998741
8A8C8C998742
8D8C8C998743
8D8D8C998744
8C8B8C998745
8C8C8C998746
8C8B8C998747
89888B998748
89888C998749
8A898C99874A
8A8B8D99874B
8B8B8C99874C
83858999874D
8D8D9399874E
9A9C9699874F
A0A393998540
A2A690998541
A2A78F998542
A2A88F998543
A0A78E998544
9FA58E998545
9DA38D998546
9BA08D998547
99A28D998548
969F8D998549
969C8E99854A
969C8E99854B
929A8D99854C
8F978D99854D
8F988D99854E
91978D99854F
91968D998540
91958C998541
90938D998542
8F928D998543
8F918D998544
8F928D998545
8F908D998546
8D8C8D998547
8E8C8D998548
8F8C8D998549
8D8B8D99854A
8B8C8E99854B
8B8D8E99854C
8D8F8D99854D
8D8D8D99854E
8C8D8D99854F
8C8D8D998540
8A8C8D998541
888A8D998542
888B8C998543
888A8C998544
88888D998545
89878D998546
87878D998547
87888D998548
89898D998549
89888D99854A
88888D99854B
88898D99854C
89898C99854D
8A888C99854E
89878C99845F
8A888C998440
89888C998441
8A878D998442
8A888D998443
8A888D998444
8A878D998445
89878D998446
88888C998447
88878C998448
8A878C998449
89878C99844A
88868C99844B
87878C99844C
87878C99844D
88898C99844E
88888C99844F
888A8C998440
868A8C998441
86898B998442
86888B998643
85868C998644
86858C998645
89848D998646
89848C998647
89868C998648
89868D998649
89878D99864A
88878C99864B
87888C99864C
86888C99864D
86878C99864E
87868C99864F
87858C998640
87858C998641
87858C998642
88848C998643
87858C998644
87888C998645
87888C998646
85888C998647
86868C998648
88868C998649
88878C99864A
8B878C99864B
8B888C99864C
8C888D99864D
8B888D99864E
88878C99864F
87878C998640
87868D998641
87878D998642
89888D998643
8B888C998644
8B878C998645
89878C998646
89888C998647
898A8C998648
8A888C998649
8A888C99864A
89888C99864B
898A8C99864C
8A8A8C99864D
8A8A8C99864E
89898C99864F
88898B998640
86898C998641
89878C998642
8A878C998643
8A888C998644
8A898C998645
8A898C998646
8A8A8C998647
89898C998648
898A8C998649
898A8C99864A
898A8D99864B
8A8A8C99864C
8A8A8C99864D
8B8A8C99864E
8B8B8D99864F
8B8B8C998640
8B898C998641
89898C998642
89898C998643
8B8A8C998644
8B8C8C998645
898D8C998646
888B8C998647
898A8C998648
8A888C998649
8A888C99864A
8A8C8C99864B
8A8A8C99864C
898B8C99864D
898B8C99864E
898B8C99864F
8B8B8D998640
8C8B8D998641
8B8B8C998642
89898C998743
87888C998744
89898C998745
8B8B8D998746
8A8B8C998747
8A8C8C998748
8A8C8C998749
8A8B8C99874A
8A898C99874B
898B8C99874C
888B8C99874D
8A898C99874E
8C898C99874F
8C8A8C998740
8A8A8C998741
8A8A8C998742
8A8C8C998743
8A8A8C998744
8B8A8C998745
8D8A8C998746
8D8C8C998747
8E8D8C998748
8B8C8C998749
898A8C99874A
8B8A8C99874B
8B8B8C99874C
8B8B8C99874D
8A8C8D99874E
8B8C8C99874F
8C8B8C998740
8C898C998741
8B898C998742
8C8C8C998743
8C8D8C998744
8B8C8C998745
8D8D8C998746
8C8C8C998747
8C8D8C998748
8B8B8C998749
898B8C99874A
898B8C99874B
888C8C99874C
89898B99874D
898B8C99874E
8A8C8C99874F
8A8B8C998740
8C8B8C998741
8C8A8B998742
8B878B998743
89888C998744
88898C998745
898B8B998746
8A8C8C998747
8C8C8C998748
8A8A8C998749
888A8C99874A
898A8C99874B
8C8B8B99874C
8D8B8B99874D
8A8B8C99874E
8A8B8C99874F
8A8B8C998740
8A8B8C998741
8B8C8B998742
8B8B8B998743
898B8C998744
898B8C998745
888A8B998746
898B8C998747
8A8C8C998748
8A8D8C998749
8A8B8C99874A
8B8B8C99874B
8C8A8C99874C
8B8A8C99874D
8B8C8C99874E
8A8D8C99874F
8C8C8C998740
8B8A8C998741
8B8B8B998742
8B8C8C998743
8B8B8C998744
8A8A8C998745
8B8A8B998746
8A898B998747
8A8A8B998748
8C8A8C998749
8C8E8C99874A
8C8D8C99874B
8E8E8C99874C
8D8F8C99874D
8C8E8C99874E
8D8E8C99874F
8C8E8D998740
8A8E8C998741
8A8D8C998742
8B8C8C998743
8B8B8C998744
8D8B8C998745
8C898C998746
8B8A8C990647
8B8C8C990648
8D8D8C990649
8B8D8C99064A
8D8D8C99064B
8E8D8C99064C
8C8C8C99064D
8C8C8C99064E
8D8B8C99064F
8C8B8C990640
8A8A8C990641
8B8B8C990642
8B8B8C990643
8A8C8C990644
8B8C8C990645
8A8A8C990646
89898B990647
8A8A8B990648
8B8B8B990649
8B8A8C99064A
89888C99064B
89898C99064C
8A8A8C99064D
8B8C8C99064E
8C8C8C99064F
8D8C8C990640
8B8C8C990641
8A8B8C990642
8B8D8D990643
8B8D8C990644
8B8D8C990645
8C8E8C990646
8A8E8C990647
898E8C990648
8C8C8D990649
8C8B8C99064A
8D8D8C99064B
8B8C8C99064C
898B8C99064D
8A8B8C99064E
8B8A8B99064F
8B8A8B990640
8A8B8C990641
8A8B8C990642
8B8D8C990643
8C8D8C990644
8B8C8D990645
8B8C8C990646
8C8D8C990647
8C8E8C990648
888A88990649
7A788299064A
736F8599846B
716F8899846C
706F8A99846D
73708A99846E
77718B99846F
7A748B998460
7D778A998461
7F788B998462
817A8B998463
83798B998444
837B8B998445
837D8B998446
847E8B998447
85808B998448
85828B998449
85848C99844A
87848B99844B
86838C99844C
88858C99844D
87888C99844E
88898B99844F
8A8A8B998440
8B898B998441
8A888B998442
88898B998443
88898B998444
8A8B8B998445
8A8A8B998446
8A888C998447
8A8A8C998448
8B8B8B998449
8C8B8B99844A
8C8C8B99844B
8B8C8C99844C
8C8F8D99844D
8D8F8C99844E
8E8D8C99844F
8D8D8C998440
7F7F80998441
6E6E7C998442
6A6881998443
6C6886998444
716989998445
756B89998446
776C8A998447
796F8A998448
79718A998449
7C758A99844A
7D738A99855B
7E768A99854C
7F798A99854D
817D8A99854E
837F8A99854F
85808A998540
87828B998541
88868B998542
88858A998543
8A868A998544
8C878A998545
8B888A998546
878588998547
87858A998548
88888C998549
8B898C99854A
8D8B8B99854B
8D8E8B99854C
8D8E8B99854D
8D8E8C99854E
8E8F8B99854F
8F908C998540
90928B998541
90938B998542
90938C998543
90948B998544
91948B998545
90938B998546
90948C998547
90948C998548
91948B998549
90948B99854A
91948B99854B
8F938B99854C
90948B99854D
91968B99854E
91968C99854F
91968C998540
93958D998541
92958C998542
92978C998543
91968C998544
90958C998545
92958B998546
92958B998547
93968C998548
93968C998549
92958B99854A
93978C99854B
92978C99854C
91958C99854D
90968C99854E
91958C99854F
8F958C998540
8F968B998541
8F968B998542
8E958C998543
8F958C998544
91968D998545
91968C998546
91968C998547
90968C998548
90968C998549
91968C99854A
91968B99854B
91978C99854C
91948B99854D
91938C99854E
92948C99854F
90968C998540
90968C998541
90958C998542
8F968C998543
8F958C998544
90958C998545
92948C998546
92948C998547
90938C998548
8D8E89998549
898B8A99854A
888B8B99854B
888C8C99854C
888A8C99854D
898A8B99854E
898A8C99854F
898B8C998540
8A8B8C998541
8A8B8C998542
8A8C8C998543
8C8E8C998544
8C8D8C998545
8D8D8C998546
8D8C8C998547
8D8D8C998548
8E8D8C998549
8E8F8C99854A
8D908C99854B
8D928C99854C
8F918C99854D
90908C99854E
91908C99845F
90908D998440
918F8C998441
8F8E8C998442
908F8D998443
908F8C998444
8E8F8C998445
90908C998446
90918C998447
8E928C998448
8E928C998449
8E908C99844A
8E8F8C99844B
91908C99844C
8F8F8C99844D
8C908C99844E
8D918C99844F
8F918C998440
90918C998441
90928C998442
8F918C998443
8E8F8C998444
8E8E8C998445
90908C998446
90908C998447
908F8C998448
8F8F8C998449
8D908B99844A
8E918B99844B
8F908C99864C
8F8F8C99864D
918F8C99864E
8F8D8C99864F
8E8E8C998640
8F8F8B998641
8F928C998642
8F918C998643
8E908D998644
8E928D998645
8E908C998646
8F908B998647
8E8F8C998648
8D8F8C998649
8C8E8C99864A
8D8D8C99864B
8F8E8C99864C
8D8F8D99864D
8E8F8D99864E
8F8E8C99864F
8F8E8C998640
90908D998641
8E908C998642
8E8F8C998643
8D8F8C998644
8E8E8C998645
8D938C998646
8D918C998647
8D908C998648
8D8F8C998649
90908C99864A
8F908D99864B
8E8F8C99864C
8D8E8C99864D
8D8F8C99864E
8E908C99864F
8D8E8B998640
8F8E8B998641
8D8F8C998642
8E908C998643
8D908C998644
8C8F8C998645
8C8E8C998646
8C908C998647
8D908C998648
8C908D998649
8D8F8C99864A
8E908C99864B
8C908C99864C
8C8E8B99864D
8B8C8C99864E
8C8C8C99864F
8C8E8C998640
8B8C8C998641
8C8C8C998642
8C8C8C998643
8D8C8C998644
8E8E8C998645
8E8F8C998646
8D8D8C998647
8D8D8C998648
8D8E8C998649
8D8D8D99864A
8D8C8D99864B
8E8C8D99864C
8C8D8C99864D
8D8D8C99864E
8E8D8C99864F
8C8E8D998640
8A8D8C998641
898C8C998642
909490998743
959890998744
999A8F998545
9A9D8E998546
999C8D998547
9B9D8D998548
989B8D998549
979A8D99854A
96988D99854B
93988D99854C
93958B99854D
92958B99854E
92958C99854F
92968C998540
90958C998541
8E938C998542
8F938C998543
90928C998544
90938D998545
8F908D998546
8D8F8D998547
8C8F8C998548
8D908C998549
8C908C99854A
8B908C99854B
8B908D99854C
8E8F8C99854D
8C8D8D99854E
8C8D8D99854F
8C8B8C998540
8C8B8C998541
8D8B8C998542
8B8B8C998543
8D8B8C998544
8A8B8C998545
898B8C998546
8B8A8C998547
8C8A8C998548
8C8A8B998549
8C898B99854A
8C8A8C99854B
8C8B8C99854C
8A8C8C99854D
8B8C8C99854E
8A8C8C99854F
88898C998540
88888C998541
89888C998542
8A8C8C998543
8C8B8B998544
8A898B998545
8A888C998546
88888C998547
89898C998548
88888C998549
8A8A8C99854A
888A8C99854B
88888C99854C
89898C99854D
8B8A8C99854E
8A8B8C99854F
8C898C998540
8B898C998541
8B8A8C998542
8A898C998743
898A8C998744
89898C998745
89898C998746
88888C998747
87888C998748
89878C998749
8C888D99874A
8B888C99874B
8B888C99874C
8B8A8C99874D
8A8B8C99874E
8A8A8C99874F
8A8A8C998740
8A898C998741
8A888C998742
87888C998743
87898C998744
888B8C998745
898A8C998746
898A8C998747
878A8C998748
888B8C998749
898B8C99874A
898A8C99874B
8A898C99874C
8A878C99874D
8A878C99874E
8A888D99874F
8A898D998740
89898C998741
898A8C998742
888B8C998743
898A8C998744
8A878C998745
8B878C998746
8C898C998657
8D8B8C998648
8C898C998649
89888C99864A
8A888C99864B
8A898C99864C
8A888C99864D
89888D99864E
89898D99864F
8A898C998640
8A8A8C998641
8A898C998642
89898B998643
88888B998644
8A898C998645
8A8A8C998646
898B8C998647
8B8B8C998648
898B8C998649
898B8C99864A
8B8B8C99864B
8A8C8C99864C
898A8C99864D
8A898C99864E
8B888C99864F
8C888C998640
8B888C998641
8B898B998642
8C8B8B998643
8A8A8C998644
898B8C998645
898C8C998646
8B8B8C998647
8A8A8C998648
89898C998649
89888C99864A
898A8C99864B
898B8C99864C
898B8C99864D
898C8C99864E
8A8A8C99864F
8B898C998640
898A8C998641
888B8C998642
8A898C998643
8A888C998644
8A898B998645
8A8A8C998646
898A8C998647
8B898C998648
8B8A8C998649
8C8B8C99864A
8C8A8C99864B
8C8C8C99864C
8C8B8C99864D
8B8A8C99864E
8C8A8C99864F
8B8B8C998640
8B8D8C998641
8A8C8C998642
8B8C8C998643
8A8A8C998644
898B8B998645
888B8B998646
888A8C998647
8A888C998648
8C888C998649
8E8C8C99864A
8C8C8B99864B
8B8C8C99864C
8A8B8C99864D
89898C99864E
8A8A8C99864F
8A888C998640
8B898C998641
8B8A8C998642
8A8A8B998643
8A8A8C998644
8A8A8C998645
8B8B8C998646
8B8A8C998647
8C8D8C998648
8B8D8C998649
8B8D8B99864A
8B8C8B99864B
8B8D8C99864C
8A8D8B99864D
8A8C8B99864E
8B8C8C99864F
8C8A8C998640
8B8A8C998641
8A8C8C998642
8B8B8C998643
8C8B8C998644
8B8A8C998645
8B8B8C998646
8A8A8C998647
8A8B8C998648
8B8B8C998649
8A8B8C99864A
8B8B8C99074B
8B8D8C99074C
8A8C8C99074D
8A8B8C99074E
888A8B99074F
89888B990740
8A898C990741
8A8A8C990742
8C8B8C990743
8B8A8C990744
8B8B8C990745
8C8C8B990746
8E8D8C990747
8E8C8C990748
8D8B8C990749
8C8B8C99074A
8A8C8C99074B
888B8C99074C
8A8C8C99074D
8A8C8C99074E
8B8B8C99074F
8B8A8C990740
8C8A8C990741
8B8B8C990742
8A8C8C990743
8A8B8C990744
8B8B8C990745
8C8C8C990746
8B8B8C990747
8B8B8D990748
8A8B8C990749
888B8C99074A
888B8C99074B
888D8C99074C
898D8C99074D
8B8D8C99074E
8C8D8C99074F
8C8D8C990740
8C8D8C990741
8C8E8C990742
8D8E8C990743
8D8E8C990744
8D8C8C990745
8B8A8C990746
8C8B8C990747
8C8C8C990748
8C8C8C990749
8C8A8C99074A
8A8B8C99074B
898B8C99074C
8B8B8C99074D
8A8A8C99074E
8B8B8C99074F
8A8A8C990740
8A8C8C990741
8A8B8C990742
8B8B8C990743
8B8C8C990744
8B8C8B990745
8C8B8C990746
8D8B8C990747
8C8A8C990748
8B8B8C990749
8A8C8B99074A
8B8C8C99074B
8B8E8C99074C
8C8D8B99074D
8B8B8C99074E
8D8B8C99074F
8E8C8C990740
8E8E8C990741
8E8E8C990742
8B8B8C990743
8C8B8C990744
8A8B8C990745
8C8B8C990746
8B8B8C990747
8B8B8C990748
8A8C8C990749
8A8D8C99074A
8A8D8C99074B
8B8A8C99074C
8C8B8C99074D
8B8B8C99074E
8C8C8D99074F
8C8B8C990740
8B898C990741
8A898C990742
8A8B8C990743
898E8C990744
898E8C990745
898C8C990746
8B8D8C990747
8C8C8B990748
8B8B8C990749
898C8C99074A
898C8C99074B
8B8C8C99074C
8C8D8D99074D
87868999074E
807F8799064F
7E7D89990640
7D7C8B990641
7D7B8B990642
7E7D8B990643
817E8B990644
837D8A990645
847E8C990646
83808C990447
82818C990448
82838B990449
84838B99044A
85838B99044B
85848B99044C
86838C99044D
86848C99044E
86848C99044F
86858C990440
86868C990441
88898C990442
898B8C990443
8A898A990444
8B8A8B990445
8B8A8C990446
8A8A8C990447
888A8C990448
888A8C990449
8A8A8B99044A
8C8B8B99044B
8D8C8B99044C
8D8C8C99044D
8D8D8C99044E
8C8D8C99044F
8D8F8C990440
8B908C990441
8B8E8C990442
8C8D8C990443
8E8D8C990444
8D8F8C990445
848585990446
808185990447
808087990448
808189990449
82808A99044A
827F8A99044B
83808B99044C
85808C99044D
85858B99044E
86868C99044F
87858B990440
88868B990441
89868B990442
88888B990443
8A898B990444
8A8A8B990445
8C898B990446
8D8B8B990447
8D8A8B990448
8C8B8B990449
8B8B8B99044A
8C8B8B99044B
89888A99044C
8B898B99044D
8B8B8C99044E
8C8C8C99044F
8F8F8C990440
8E8F8C990441
8D8F8C990442
8D8E8C990443
8E8E8B990444
8E8F8C990445
8D908C990446
8D8F8C990447
8E8F8C990448
8C8E8C990449
8D8E8C99044A
8D8F8C99044B
8D908B99044C
8D8F8C99044D
8D908C99044E
8E8F8C99044F
8E8F8C990440
8E8F8C990441
8D918C990442
8E918B990443
8D908B990444
8E908B990445
8D908C990446
8E918C990447
8D908C990448
8D908C990449
8C908C99044A
8C8E8C99044B
8D918C99044C
8D918C99044D
8F918C99044E
90908B99044F
8F928B990440
8E908B990441
908E8C990442
8E8E8C990553
8D8F8C990544
8C8F8C990545
8C8E8C990546
8C908C990547
8D908C990548
8D908C990549
8D8E8C99054A
8E8E8B99054B
8E8E8C99054C
908F8C99054D
8F8F8C99054E
8E908C99054F
8E8E8C990540
8D8F8C990541
8F8F8C990542
90908C990543
90918D990544
8E908C990545
8D8E8C990546
8C8E8C990547
8D908C990548
8C908C990549
8C928C99054A
8C918C99054B
8C918C99054C
8D8F8C99054D
8F8F8C99054E
8F8F8C99054F
8F918C990540
8E908C990541
8D8F8C990542
8D908C990543
8C8D8B990544
8D8E8D990545
91928E990546
94958D990547
94968D990548
93968C990549
92958C99054A
93948C99054B
94958C99054C
94948D99054D
91938D99054E
90938D99054F
92928C990540
90928C990541
90918C990542
8E928C990543
90928C990544
8D918C990545
8E918D990546
8F8F8C990547
90908C990548
8F8E8C990549
8F8E8C99054A
8E8F8C99054B
8D918C99054C
8F918C99054D
8F8F8C99054E
8D8D8C99054F
8D8C8C990540
8F8E8C990541
8B8E8C990542
8B8E8C990543
8C8E8C990544
8D8E8C990545
8E8F8B990546
8D8E8C990547
8B8E8B990548
8C8D8B990549
8D8E8C99054A
8D8E8C99054B
8D8D8B99054C
8D8D8B99054D
8C8E8C99054E
8B8E8C99054F
8C8E8C990540
8B8E8C990541
8B8E8D990542
8C8D8C990543
8C8C8D990544
8C8B8C990545
8B8A8C990546
8A8B8C990547
8A8C8C990548
8C8C8C990549
8C8B8C99054A
8C8A8D99054B
8B8B8D99054C
8A8A8D99054D
8A898C99054E
88898C99054F
87898C990740
888A8C990741
8B8B8B990742
8A8B8C990743
8A8B8B990744
8B8A8C990745
8C898C990746
8A8A8C990657
8B8C8B990648
8A8C8C990649
8A8B8C99064A
8A8A8C99064B
8A898B99064C
8B8A8B99064D
8A8B8B99064E
898B8C99064F
898C8C990640
888C8C990641
8A8C8C990642
8C8D8D990643
8C8A8C990644
8A8A8C990645
8B8B8B990646
8B8A8C990647
8A8A8C990648
8A8A8C990649
8A8B8C99064A
8B8C8C99064B
8B8C8C99064C
8A8A8C99064D
8B8A8C99064E
8A8B8C99064F
8C8A8C990640
8B888D990641
8B898C990642
8A898C990643
8B898C990644
8A8A8C990645
8A8C8C990646
8B8C8C990647
8B8D8C990648
898C8C990649
8B8B8C99064A
8C8C8B99064B
8C8E8B99064C
8A8B8C99064D
8C8B8C99064E
8C8C8B99064F
8B8B8B990640
898A8B990641
89898B990642
8A8A8C990643
8D8C8D990644
8B8A8C990645
898C8C990646
888A8C990647
878A8C990648
8B8C8C990649
8C8B8C99064A
8D8C8C99064B
8C8C8C99064C
8B8C8C99064D
8A8B8C99064E
8B8A8C99064F
8B878C990640
8B8A8D990641
91938E990642
96978E990643
96978D990444
97978C990445
98978C990446
96988C990447
96988D990448
93978C990449
91968C99044A
92958C99044B
91958C99044C
90948C99044D
92948D99044E
90938D99044F
90918D990440
8E908C990441
8C8F8C990442
8D918C990443
8E908C990444
8D908C990445
8E918C990446
8E8E8C990447
8D8C8C990448
8D8E8B990449
8B8E8C99044A
8A8D8C99044B
8C8E8C99044C
8A8D8C99044D
8A8E8C99044E
8A908C99044F
8C8E8C990440
8D8D8C990441
8B8C8C990442
8B8C8C990443
8C8A8C990444
8C8A8C990445
8C8B8C990446
8B8E8C990447
888A8C990448
8A898C990449
8A878C99044A
8A888B9905DB
84878B9905CC
84888C9905CD
84888C9905CE
84878B9905CF
85878C9905C0
85898C9905C1
878A8C9905C2
888B8C9905C3
8A8A8C9905C4
8A888C9905C5
89898C9905C6
898A8C9905C7
89898C9905C8
898B8C9905C9
898A8C9905CA
8B8A8C9905CB
8A888C9905CC
8B898B9905CD
88888C9905CE
88888C9905CF
89888C9907C0
89878C9907C1
89878C9907C2
89888C9907C3
89888C9907C4
8A888C9907C5
8A898B9907C6
8B888C9907C7
8A888C9907C8
8B888C9907C9
8B898C9907CA
8A8A8C9907CB
8A8A8C9907CC
8A898C9907CD
8A888B9907CE
8B888C9907CF
8A878D9907C0
8A878C9907C1
88868C9907C2
88888D9907C3
88898C9907C4
888A8C9907C5
88898C9907C6
898A8C9907C7
898B8C9907C8
8B898C9907C9
8A898C9907CA
8B888C9907CB
8B8A8C9907CC
8C8A8C9907CD
8C888C9907CE
8C8B8C9907CF
8C8C8C9907C0
8B8C8C9907C1
8A898C9907C2
89888C9907C3
8A8A8C9907C4
8C8B8C9907C5
8D8C8C9907C6
8D8D8C9907C7
8D8C8C9907C8
8B8A8C9907C9
8B898C9907CA
8A898C9907CB
8A8A8C9907CC
8C8B8B9907CD
8C8B8B9907CE
8A898C9907CF
8A888C9907C0
8B8A8C9907C1
898A8C9907C2
888B8C9907C3
898A8C9907C4
898A8C9907C5
8A8A8C9907C6
8A8B8C9907C7
8C8A8C9907C8
8B8A8C9907C9
8B8A8C9907CA
8B8A8C9907CB
8A8A8B9907CC
8D8B8C9907CD
8D8B8C9907CE
8B8D8C9907CF
8A8D8C9907C0
8B8D8C9907C1
898C8C9907C2
8B8B8C9907C3
8D8B8C9907C4
8C8C8C9907C5
8B8B8D9907C6
8A8B8D9907C7
8B8A8C9907C8
8A8C8D9907C9
8C8D8D9907CA
8D8C8D9907CB
8E8C8D9907CC
8C8B8D9907CD
8C8B8D9907CE
8B8C8D9906CF
8B898D9906C0
8A898C9906C1
8B8A8B9906C2
8B8B8B9906C3
8A8A8C9906C4
8B8B8C9906C5
8A8C8B9906C6
8B8B8C9906C7
8C8B8C9906C8
8D8C8B9906C9
8D8A8C9906CA
8C8B8C9906CB
8A8C8C9906CC
898B8C9906CD
8B898C9906CE
8B8A8C9906CF
8A8A8C9906C0
8A8A8C9906C1
8B8B8C9906C2
8B8B8C9906C3
8C8A8C9906C4
8C8C8C9906C5
8C8D8C9906C6
8B8D8C9906C7
8B8C8C9906C8
8A8C8C9906C9
8A8A8B9906CA
8B898C9906CB
89898C9906CC
8B898C9906CD
8C8C8C9906CE
8B8C8C9906CF
8D8E8C9906C0
8C8C8C9906C1
8C8C8C9906C2
8B8B8D9906C3
8A8A8C9906C4
8A898B9906C5
8B8A8B9906C6
888B8B9906C7
888B8C9906C8
898B8C9906C9
8B8C8C9906CA
8B8C8C9906CB
8C8B8C9906CC
8C898C9906CD
8A898C9906CE
8A898B9906CF
88898C9906C0
898A8C9906C1
8A8C8C9906C2
8B8D8C9906C3
8B8C8C9906C4
8A8B8C9906C5
8B8B8C9906C6
8B8B8C9906C7
8B8C8C9906C8
8A8C8C9906C9
8A8B8C9906CA
8B8B8C9906CB
8B8A8B9906CC
8B8A8B9906CD
8A8C8C9906CE
898D8C9906CF
8B8E8C9906C0
8C8D8C9906C1
8B8D8C9906C2
8D8C8C9906C3
8C8A8C9906C4
8D8B8C9906C5
8D8C8C9906C6
8C8C8C9906C7
8B8C8C9906C8
8C8D8C9906C9
8E8D8C9906CA
8C8D8C9906CB
8D8C8C9906CC
8D8C8C9906CD
8C8C8C9906CE
8C8D8C9906CF
8C8C8C9906C0
8D8C8C9906C1
8D8D8C9906C2
8D8D8C9906C3
8B8D8B9906C4
8B8B8C9906C5
8B8B8C9906C6
8A8C8C9906C7
8C8C8C9906C8
8B8E8C9906C9
898F8B9906CA
898C8B9906CB
8A8B8C9906CC
8B8B8C9906CD
8B8C8C9906CE
8B8C8C9906CF
8A8D8C9906C0
8B8D8C9906C1
8D8F8D9906C2
8D8E8D9907C3
908F8D9907C4
8D8D8C9907C5
8C8C8C9907C6
8B8C8C9907C7
8D8C8D9907C8
8F908D9907C9
92928E9907CA
94948F9907CB
9897919907CC
989A919907CD
9B9B929907CE
9F9F939907CF
A0A0949907C0
A4A2949907C1
A4A3949907C2
A6A6939907C3
A6A5939907C4
A7A5939907C5
A7A5949907C6
A8A5939907C7
A8A4939907C8
A09E919907C9
99988E9907CA
95948D9907CB
90908C9907CC
90918C9907CD
8F908C9907CE
8D8C8C9907CF
8D8B8B9907C0
8B8B8C9907C1
8B8C8B9907C2
8A8B8C9907C3
898A8C9907C4
88888B9907C5
84868A9907C6
8282899907C7
8182889907C8
8283889907C9
8384879907CA
8282889907CB
8384899907CC
8584899907CD
8484899907CE
8585899907CF
8385889907C0
7F84889907C1
8081889907C2
8180899907C3
8282899907C4
8282899907C5
8684899907C6
817E889907C7
7E7C899907C8
7C7D8A9907C9
7D7B8A9907CA
7E7C8A9907CB
7F7D8B9907CC
7E7D8A9907CD
7D7C889907CE
7C7B889907CF
797A889907C0
7878889907C1
7877879907C2
7877869907C3
7676869907C4
7776879907C5
7A78879907C6
7A79879907C7
7C7C899907C8
7E7F8A9907C9
80828B9907CA
82868B9907CB
84868A9907CC
86898B9907CD
88898D9907CE
8A8B8D9907CF
8B8D8C9907C0
8B8C8D9907C1
8C8C8D9907C2
8E8E8F9907C3
8F908F9907C4
92928F9907C5
9494909907C6
9394909907C7
92938F9907C8
92928E9907C9
90908E9907CA
8E8F8D9907CB
8A898C9907CC
8A878C9907CD
8A878B9907CE
88828A9907CF
89838A9907C0
95898B9907C1
A18E8B9905C2
A58D899905C3
A58B899905C4
A58D899905C5
A38F899905C6
A0928A9904D7
9F938A9904C8
9F938B9904C9
9D938B9904CA
9A918C9904CB
99948C9904CC
97938C9904CD
95928C9904CE
95918C9904CF
93928D9904C0
93918D9904C1
92908D9904C2
92908D9904C3
918E8D9904C4
8B8A8D9904C5
8A8D8D9904C6
8C8F8C9904C7
8D908C9904C8
8E918D9904C9
92938D9904CA
93958D9904CB
93978E9904CC
94988F9904CD
959B8E9904CE
979A8E9904CF
989B8E9904C0
95998D9904C1
90958B9904C2
8B918B9904C3
848B8A9904C4
8388899904C5
7E84899904C6
7980889904C7
777E879904C8
777D879904C9
767B869904CA
757C879904CB
767D879904CC
767D879904CD
787D879904CE
787C869904CF
797F879904C0
7D84889904C1
7E86899904C2
80878B9904C3
858B8D9904C4
878D8D9904C5
8D938F9904C6
9096909904C7
9198919904C8
939A929904C9
959C929904CA
969C929904CB
9598919904CC
9498909904CD
92978F9904CE
8F978E9904CF
8F978D9904C0
90958D9904C1
90958E9904C2
8E938E9906C3
8C918D9906C4
8D908D9906C5
8C8D8D9906C6
8A8C8C9906C7
8A8B8D9906C8
898D8C9906C9
8A8E8C9906CA
868E8C9906CB
878D8C9906CC
878D8C9906CD
898E8D9906CE
8C918E9906CF
8E938F9906C0
8F94909906C1
8F94919906C2
8F94909906C3
8F928F9906C4
8D908D9906C5
8C8E8C9906C6
8A8D8C9906C7
88898A9906C8
86878A9906C9
82848A9906CA
797E889906CB
737A899906CC
72798B9984ED
74788B9984EE
757B8C9984EF
7A818E9984E0
80858F9984E1
8486909984E2
888A919984E3
888A909984E4
85898E9984E5
83888C9984C6
80858A9984C7
797B879984C8
7678869984C9
7374859984CA
72728599855B
73738599854C
74758799854D
76778999854E
7A7B8A99854F
81828B998540
82848B998541
84858B998542
84848B998543
84848A998544
82848A998545
808289998546
818289998547
828289998548
84828A998549
84838A99854A
86858B99854B
898B8C99854C
8B8A8C99854D
8C898B99854E
8B8A8B99854F
8A8A89998540
888889998541
848487998542
818286998543
808286998544
808087998545
818488998546
888A8B998547
8B8C8C998548
8D8D8C998549
92928E99854A
92948E99854B
90938D99854C
8E928D99854D
8F908C99854E
8F8F8C99854F
90908D998540
8D8E8D998541
8B8B8B998542
87868A998543
868389998544
878488998545
87878A998546
86878B998547
86868B998548
858689998549
85868999854A
85878A99854B
87868B99854C
87878B99854D
8A8D8C99854E
8D918E99854F
90928E998540
969790998541
999991998542
989891998543
979890998544
989890998545
959990998546
969890998547
96978F998548
94958F998549
94948E99854A
93918D99854B
908F8C99854C
8D8D8B99854D
88888A99854E
86878999854F
838489998540
848389998541
868389998542
88858A998543
87868B998544
898B8B998545
8B8D8C998546
8C8F8C998547
8C8F8D998548
8E8F8C998549
8E8F8D99854A
8E8F8C99854B
8E8F8C99854C
8C8F8A99854D
898B8B99854E
898A8B99854F
898A8A998540
8B8A8A998541
8B8B8B998542
8D8D8C998543
8D8F8C998544
8E8F8C998545
90908D998546
8E8E8D998547
8E8F8D998548
90908C998549
8F8E8C99854A
8F8F8C99854B
8F8F8C99854C
8E8D8C99854D
8C8B8C99854E
8A898B99844F
89888B998440
8B888B998441
8B8B8C998442
8B8C8C998443
898A8C998444
898B8C998445
88898D998446
888C8D998447
929590998448
999A8F998449
9F9F8F99844A
A2A08E99844B
A29F8F99844C
A29C8D99844D
9F9B8D99844E
9D998C99844F
99998D998440
97988C998441
96988C998442
97978C998443
97988D998444
97988E998445
97988E998446
95968D998447
95948E998448
92938E998449
8F938E99844A
92948D99844B
91968E99844C
91958E99844D
92948C99844E
94968D99844F
94968E998440
979790998441
96968F998442
9A9790998443
9A9790998444
9A9A91998445
999A91998446
9B9A90998447
9A9990998448
999890998449
99978F99844A
97968F99844B
93928E99844C
91918E99844D
8F8F8E99844E
8D8D8D99844F
8B8D8D998440
8A8C8D998441
8C8D8D998442
8C8D8C998443
898C8C998444
888C8B998445
898A8B998446
88898A998447
87888A998448
88898A998449
898B8B99844A
888B8B99844B
898C8B99844C
8C8E8B99844D
8F8F8C99844E
92908C99844F
93918D998440
93948D998441
94948D998442
93968D998443
94968E998444
94968E998445
95958E998646
93918E998647
8F8C8C998648
888889998649
84848899864A
7F808799864B
797A8699864C
77778699864D
767A8699864E
787B8699864F
7D7F88998640
808089998641
84848C998642
88878C998643
89888C998644
8B898E998645
89898E998646
8A878C998647
89868B998648
87858A998649
86868A99864A
84868A99864B
83848A99864C
85858A99864D
87878B99864E
87868C99864F
87878C998640
86888D998641
88878D998642
87898D998753
898A8C998744
898B8C998745
898B8D998746
8B8C8D998747
8E8F8D998748
8F918E998749
91938F99874A
93959099874B
93949099874C
93958F99874D
92938F99874E
92908D99874F
8B8B8B998740
87888A998741
878789998742
878489998743
868288998744
848388998745
858488998746
818188998747
7F7F87998748
7D7E87998749
7A7F8799874A
7B7D8799874B
7C7E8899874C
7D7F8999874D
7F818999874E
81818999874F
83838A998740
84848A998741
85878A998742
898B8B998743
8A8C8B998744
8B8D8D998745
8E908E998746
8D928F998747
91938F998748
92938F998749
918F8F99874A
908E8E99874B
8F8F8E99874C
8E8E8D99874D
8E8E8D99874E
8D8F8D99874F
8C8E8C998740
8C8E8C998741
8C8C8C998742
8A8B8C998743
8B8C8C998744
8B8E8C998745
8B8C8C998746
8B898C998747
8F8C8D998748
8E8C8D998749
908F8C99874A
918F8D99874B
8F908C99874C
90938D99874D
90948E99874E
92968E99874F
93948F998740
92938F998741
91908E998742
90908D998743
90908D998744
8B8D8D998745
88888B998746
89888B998747
88868B998748
86858A998749
86868A99874A
87878A99874B
85848999874C
85848999874D
85848999874E
84858A99874F
85868A998740
88898C998741
8A8A8C998742
8E8E8D998743
908E8E998744
8E8E8D998745
8D8E8D998746
8D8E8D998747
8B8C8D998748
8C8A8D998749
8B8A8C99874A
898A8B99874B
8B8C8B99874C
8A8D8C99874D
8A8B8C99874E
8E8D8E99874F
8D8D8F998740
8E8E8D998741
918E8D998742
918E8C998743
91918C998744
91928C998745
92938C998746
90928D998647
90928D998648
91908C998649
93928D99864A
94928F99864B
93938F99864C
93938E99864D
8F908C99864E
8E8D8D99864F
8C8A8D998640
88888C998641
86878B998642
86868B998643
84848A998644
84838A998645
858489998646
838289998647
818389998648
808289998649
7F828999864A
81818999864B
81828899864C
80808A99864D
80838A99864E
84848A99864F
84858A998640
82838A998641
81818A998642
84858B998643
83848B998644
83868B998645
858A8C998646
86898B998647
878A8C998648
8A8F8D998649
8D908D99864A
8F908D99864B
94918E99864C
94948E99864D
94968E99864E
93938D99864F
92928D998640
8F918C998641
8C8E8A998642
8B8C8A998643
898989998644
878589998645
828389998646
818289998647
81848A998648
808589998649
83868B99864A
88888C99864B
8A8A8C99864C
8A8A8C99864D
89898C99864E
89898B99864F
88888A998640
87878A998641
878689998642
88888A998643
8B8B8B998644
8D8C8B998645
8B8B8B998646
898D8C998647
8B8C8C998648
8D8B8B998649
8E8C8C99864A
8F908C99864B
90918C99864C
90918C99864D
8F908D99864E
8D8E8D99864F
8B8C8C998640
8B888C998641
8B888C998642
8C898D998643
8E8C8D998644
8E8C8D998645
8F8E8D998646
8E8F8E998647
8F8F8E998648
8D8E8E998649
8E8F8E99864A
8F8F8E99864B
91918F99864C
93939099864D
95958F99864E
98989199864F
9A9891998640
9A9891998641
999790998642
95928F998643
93918E998644
8D8D8C998645
8A8A8B998646
89898B998647
8A898B998648
8A8A8C998649
89898B99864A
89898B99074B
898A8B99074C
898B8B99074D
898B8A99074E
86888A99074F
87888A990740
878789990741
898C8B990742
8A8F8C990743
86888A990744
84848A990745
80818B990746
7D818B990747
7B7F8B990748
7C808B990749
7D818B99074A
7D818B99074B
7D7F8A99074C
7E7D8999074D
7D7A8899074E
7B7A8899074F
7B7B88990740
7C7C89990741
7C7E89990742
7D8089990743
807F89990744
80818B990745
80828B990746
84848B990747
86848C990748
89878C990749
8B8D8D99074A
8F908F99074B
91929099074C
93949099074D
99979199074E
999A9199074F
9D9C93990740
9D9C93990741
9D9C93990742
9D9E92990743
9E9C92990744
9E9E91990745
9A9C8F990746
9A998E990747
97968E990748
92918D990749
908F8C99074A
8A8A8A99074B
807D8A99074C
7D7B8B99074D
7E7E8A99074E
81818A99074F
848389990740
848489990741
868589990742
878689990743
878689990744
898989990745
8A898A990746
8C8B8A990747
8D8C8A990748
8C8C8B990749
8C8D8B99074A
8B8B8B99074B
89888A99074C
888A8A99074D
888C8A99074E
888C8B99074F
898B8B990740
89898B990741
86878B990742
88888B990743
898B8B990744
8C8D8C990745
8E8F8C990746
8F8F8C990747
8E8D8B990748
8F8D8B990749
8E8E8B99074A
908E8C99074B
8F8F8C99074C
8E908B99074D
8F8F8C99074E
908F8C99074F
918F8D990740
908F8D990741
90918E990742
93938E990743
93948D990744
93948D990745
95938D990746
95948D990747
92928C990748
8F908B990749
8E8D8B99074A
88898999074B
84878899074C
80838699074D
7F828899074E
80838899064F
818387990640
808488990641
84858A990642
85878A990643
86888A990644
8A898C990645
8C8D8C990646
8E8E8D990647
93918E990648
93928E990649
94918F99064A
95938F99064B
96939099064C
97949099064D
96969099064E
98959099064F
959690990640
969790990641
959690990642
91928F990643
8F908D990644
8D908D990645
8C8D8C990646
8B8D8D990647
8D8F8C990648
8C908D990649
8F918D99064A
8F918C99064B
8E908C99064C
8D8D8B99064D
8D8C8A99064E
8B8C8A99064F
898A88990640
888988990641
868888990642
868788990643
888788990644
888888990645
858988990646
868988990647
868888990648
858789990649
8A8B8C99064A
94928C99064B
9A988C99044C
9B988B99044D
9B998B99044E
9B998B99044F
98988B990440
96978B990441
94968C990442
93968D990443
92958D990444
95988E990445
95998F990446
979A90990447
9D9D91990448
A0A091990449
9FA19199044A
A1A09299044B
9FA19299044C
9A9D8F99044D
7F838799044E
64708699044F
546388990440
4A5C89990441
495B89990442
4D5C89990443
525D8A990444
575E8A990445
5C6089990446
606389990447
626789990448
656788990449
66678899044A
66668799044B
6A678899044C
6B678899044D
6D688699044E
6D6B8699044F
6C6B87990440
6B6B87990441
6D6C87990442
737089990443
787489990444
7B7889990445
807E8B990446
87858C990447
8B898D990448
908F8E990449
90908E99044A
8F908F99044B
8E8D8E99044C
8D8B8C99044D
8C8B8C99044E
8D8B8C99044F
8C8A8C990440
8C8A8B990441
89888A990442
88888A990553
89898A990544
8A888A990545
8A8A8B990546
8C8A8C990547
8D8D8C990548
8E8C8B990549
8E8A8C99054A
8C8A8B99054B
8D8B8C99054C
8D8C8C99054D
8E8D8C99054E
908E8C99054F
92918C990540
91938C990541
93948D990542
94948D990543
94948E990544
94938E990545
96948D990546
96968E990547
96968E990548
96958E990549
96958D99054A
96958C99054B
94928C99054C
92918B99054D
90908B99054E
90918A99054F
90918A990540
92928A990541
93958B990542
93958B990543
96968D990544
98958D990545
99958C990546
98988E990547
97978D990548
95978C990549
95968C99054A
95978B99054B
97978C99054C
99988C99054D
99988C99054E
98988D99054F
98968E990540
98968E990541
96958E990542
92958C990543
8F918C990544
8E8F8B990545
8D8E8B990546
8E8D8B990547
8B8B8B990548
89898A990549
89898B99054A
8B8D8C99054B
8C8D8C99054C
8F908D99054D
93958F99054E
93979099054F
969890990540
98998F990541
98998F990542
97998E990543
96978D990544
96958B990545
95958C990546
95978C990547
95968C990548
94948C990549
91928B99054A
8D908B99054B
8C8D8A99054C
8B8E8999054D
8B8D8999054E
8C8D8A99054F
8B8A8A990540
8A888A990541
8B8989990542
898989990543
878A8A990544
878A8A990545
8A8C8B990546
8A8E8A990547
8A8E8A990548
8E8F8C990549
90938D99054A
92938E99054B
94978D99074C
95988E99074D
97988E99074E
979A8F99074F
97988F990740
989A8F990741
97998F990742
98978F990743
95968E990744
96958E990745
96968E990746
96968E990657
97988E990648
99988E990649
97978D99064A
93958C99064B
91938B99064C
8D8F8B99064D
8A8C8A99064E
88888999064F
878689990640
858789990641
858788990642
848588990643
828488990644
838488990645
838488990646
838488990647
85858A990648
82858A990649
81838999064A
82838999064B
83848999064C
85848A99064D
86848A99064E
86868B99064F
8A8C8C990640
8B8E8C990641
92918E990642
94948F990643
94968F990644
959891990645
989A91990646
9A9B92990647
9C9C93990648
9E9F93990649
9FA09399064A
9D9E9299064B
9A9A9099064C
97988F99064D
97998E99064E
91948D99064F
8E908B990640
8A8A88990641
838486990642
828285990643
7C7C85990644
7B7984990645
7B7B84990646
7D7E85990647
7D7F86990648
7E7F87990649
7E7C8799064A
7D7B8799064B
7B7C8799064C
7D7F8699064D
7D818799064E
7E818899064F
84868A990640
89888B990641
8A8A8C990642
8B8C8C990643
8C8C8D990644
8C8D8E990645
8D8F8C990646
8E8F8C990647
90908E990648
93928F990649
93928F99064A
92948F99064B
94968F99064C
95978E99064D
95968F99064E
95968F99064F
94968E990640
95958E990641
94938E990642
92938E990643
91918E990644
8F8F8D990645
8F918D990646
8E908C990647
8D8F8C990648
8D8D8B990649
8B888B99064A
88878999064B
85868999064C
82848899064D
7E808899064E
7E7F8899064F
808288990640
808189990641
818289990642
83828A990643
84838A990644
85838B990645
86858B990646
88898A990647
8B8C8A990648
8D8E8D990649
8E8F8D99064A
91908E99074B
94928E99074C
95928E99074D
94938D99074E
91908C99074F
8E8D8C990740
8D8C8C990741
8C8C8C990742
8B8A8C990743
8A8A8C990744
898A8C990745
8B8F8C990746
8D918D990747
90918D990748
92918D990749
93938D99074A
90918C99074B
8E8D8B99074C
89888A99074D
86868A99074E
85858A99074F
848689990740
808589990741
818389990742
83848A990743
85868A990744
86858A990745
88848B990746
89878C990747
89898C990748
8A8B8D990749
8D8D8D99074A
8F8F8E99074B
91918E99074C
92918F99074D
92918F99074E
93918F99074F
90928F990740
8E918F990741
8F908F990742
8D8F8E990743
8D8E8E990744
8D8C8D990745
8B8A8C990746
8B8A8C990747
8B8B8B990748
8A8A8C990749
8B8A8B99074A
8A898B99074B
8A8C8B99074C
8A8B8B99074D
8B8B8C99074E
8C8B8C99074F
8D8B8C990740
8B8E8D990741
8A8D8D990742
8B8D8C990743
8C8E8D990744
8F8E8D990745
908E8E990746
8E8C8D990747
908F8D990748
8F908D990749
90908D99074A
91918D99074B
90948D99074C
90928D99074D
90908C99074E
8F8F8C99074F
8D8F8C990740
898C8C990741
8B8C8C990742
8B8C8C990743
8B8C8C990744
8A8F8C990745
8A8D8C990746
8C8C8B990747
8B8A8A990748
8A898A990749
8B8A8B99074A
8C8D8C99074B
8C8E8D99074C
8D8E8E99074D
8C898D99074E
8A888C99074F
89888C990740
8A898B990741
8B8A8C990742
8B8C8C990743
8E8E8D990744
8F918E990745
8E918E990746
91948E990747
93968F990748
969490990749
95929099074A
93908E99074B
91908C99074C
8F8E8D99074D
8F8E8C99074E
8D8C8B99064F
8C8C8B990640
898B8A990641
88898A990642
898A8A990643
86888B990644
888A8B990645
888A8B990646
8A8E8C990647
8B8E8D990648
8D8F8D990649
8C8F8D99064A
8E8F8D99064B
91908D99064C
91918D99064D
8E8D8D99064E
8B8C8B99064F
8A8B8B990640
8A8A8B990641
8B8A8B990642
88888B990643
88878B990644
89898B990645
89898B990646
88888B990647
89878B990648
86878A990649
85888A99064A
87888A99064B
85878A99064C
84878A99064D
84868A99064E
86878A99064F
8A8B8C990640
8A8B8C990641
8A8A8C990642
8B8C8D990643
8C8B8D990644
8B8A8C990645
8C8C8C990646
8B8B8C990647
8A8B8C990648
898B8C990649
89898B99064A
88898B99064B
888A8B99064C
89898A99064D
88878A99064E
87878A99064F
868889990640
87878A990641
85868A990642
85868A990643
86868A990644
8A888A990645
8A898A990646
8A8B8B990647
8C8D8C990648
8D8F8D990649
8D908D99064A
8E918D99064B
8D8E8D99064C
8C8C8C99064D
88888B99064E
88868B99064F
88888B990640
89878B990641
89898B990642
8A8B8B990643
8C8D8D990644
8B8D8C990645
8B8C8C990646
8B8C8B990647
8A8B8A990648
88898A990649
87878A99064A
85868A99064B
86888A99064C
83848A99064D
83848A99064E
82848A99064F
84848A990640
86868A990641
87878A990642
8A898B990643
8A898B990644
898A8B990645
898C8B990646
8A8C8C990647
8C8C8C990648
8F8F8D990649
8F8F8E99064A
91918E99064B
93948F99064C
93948F99064D
92928D99064E
8F8E8E99064F
8B8E8D990640
8B8E8D990641
8F928E990642
92928F990743
919290990744
949691990745
959891990746
969A91990747
979991990748
969890990749
93918E99074A
8E8D8E99074B
8A8B8B99074C
89898C99074D
898A8C99074E
8A8B8C99074F
8C8D8C990740
8B8F8B990741
8C8E8B990742
8C8B8A990743
8A8A8A990744
888A89990745
89888A990746
88868A990747
89858A990748
88888A990749
89898B99074A
87878B99074B
89888B99074C
8C898B99074D
8C8C8B99074E
8E8F8C99074F
8E908C990740
8E908D990741
8F8E8C990742
918E8C990743
91908C990744
90908D990745
908E8E990746
8E8E8E990747
8D8D8E990748
8D8D8E990749
8C8F8E99074A
8D8F8E99074B
8D8E8D99074C
8F8E8E99074D
8A8D8D99074E
898C8B99074F
878A8A990740
858689990741
85858A990742
85868A990743
87868A990744
87888A990745
85878A990746
838789990747
838788990748
858788990749
85888899074A
85888A99074B
84888A99074C
87898A99074D
8B8B8C99074E
8C8A8C99074F
8F8D8C990740
8F8E8C990741
8E8D8C990742
8D8A8C990743
8B8A8D990744
8B8C8D990745
8C8E8B990746
8B8C8B990747
8A8B8B990748
8A8C8B990749
888B8B99074A
87898B99074B
85888B99074C
84868A99074D
84868A99074E
84848A99074F
86858B990740
87868B990741
87878B990742
89898C990743
8A8A8C990744
8D8D8D990745
8F908E990746
91918D990747
94938E990748
95948E990749
95948F99074A
94948F99074B
94948E99074C
94948C99074D
90908C99074E
8E8E8B99074F
8A8D8B990740
888A8B990741
89878C990742
8A888B990743
89878A990744
86858A990745
85858A990746
84868B990647
84878B990648
86878C990649
89888C99064A
8A8B8C99064B
8F928D99064C
92938E99064D
93938F99064E
95958F99064F
94948E990640
91908D990641
90908D990642
8F8F8C990643
8D8C8B990644
8B8B8B990645
8A8A8B990646
8A8D8B990647
8A8D8C990648
8A8E8C990649
8A8D8C99064A
8A8D8D99064B
8C8D8C99064C
8B8C8B99064D
888B8A99064E
87898999064F
87888A990640
86888B990641
878989990642
88888A990643
87868A990644
85858A990645
83838A990646
818289990647
80828A990648
83848A990649
84838A99064A
86868A99064B
87878A99064C
88868B99064D
88898C99064E
898B8C99064F
8B8D8B990640
8E8F8B990641
91908C990642
93908E990643
93908E990644
95928E990645
95948E990646
93918E990647
94918D990648
92918B990649
8D8E8B99064A
8B8D8C99064B
8B8B8A99064C
88898A99064D
89898B99064E
89898C99064F
8B8A8D990640
8A8C8C990641
8B8D8C990642
8A8D8B990643
898C8B990644
87888B990645
87878A990646
84848A990647
86848A990648
85858B990649
87878C99064A
89888C99064B
8B8A8D99064C
8E8C8D99064D
8E8D8E99064E
8F918E99064F
91968F990640
92968F990641
939690990642
949890990643
969891990644
979991990645
979A91990646
989991990647
979690990648
97978F990649
96968F99064A
94958E99064B
91918D99064C
8B8B8B99064D
89898A99064E
87888A99064F
858689990640
85878A990641
87888B990642
89878A990643
88888A990644
8A8A8B990645
8B8A8B990646
8A8B8B990647
89898A990648
89888A990649
87878B99064A
87868B99074B
88878B99074C
8A888B99074D
89898B99074E
86898B99074F
87898B990740
88888B990741
89868A990742
85858A990743
84868A990744
83898A990745
85898B990746
878A8C990747
8A8A8C990748
8B8B8C990749
8B8A8C99074A
8C8F8D99074B
8E918E99074C
90908F99074D
918E8D99074E
90918D99074F
8D8F8B990740
8D8E8B990741
8C8C8C990742
8B8A8C990743
8B8A8C990744
8B8A8C990745
898A8C990746
8A898C990747
8B898B990748
8B8A8B990749
8C8A8B99074A
8A898B99074B
8A8B8B99074C
8A8C8B99074D
8A8E8B99074E
898D8B99074F
8A8E8A990740
898C8A990741
868789990742
848589990743
848589990744
848289990745
84818A990746
84858A990747
88898B990748
87898B990749
888B8B99074A
8A8D8C99074B
8C8E8C99074C
8E8E8D99074D
90908D99074E
90928E99074F
8F928E990740
91928E990741
95918F990742
96918F990743
95908E990744
95908F990745
93908F990746
8E908E990747
8A8D8C990748
8A8B8B990749
87898B99074A
88878B99074B
89898C99074C
89888C99074D
8A898C99074E
89898C99074F
898A8C990740
89898C990741
8B8A8C990742
8E8E8D990743
8F8D8D990744
8E8E8D990745
8F8E8C990746
8F8F8C990747
8D8E8D990748
8B8E8D990749
8C8E8D99074A
8D918D99074B
91918D99074C
91918E99074D
93908D99074E
918F8D99074F
8F8F8C990740
8C8D8C990741
8B8B8A990742
8A8A8B990743
888B8B990744
868B8A990745
86888A990746
86888A990747
86888A990748
87898A990749
8A898A99074A
8A898A99074B
8A8A8B99074C
8B8B8B99074D
8E8C8C99074E
8E8D8D99064F
8D8E8D990640
8D8D8D990641
8D8B8C990642
8B8B8C990643
8B8A8C990644
89898B990645
87878B990646
86878C990647
88888D990648
898A8D990649
8A8D8D99064A
8D8F8F99064B
8F918F99064C
93929099064D
96949199064E
97979199064F
979891990640
989A90990641
979790990642
97958F990643
94948D990644
90928C990645
8D908B990646
8B8D8A990647
8A8B89990648
888989990649
85878999064A
84868999064B
84878999064C
86878999064D
85858999064E
84858899064F
828487990640
808388990641
808288990642
808289990643
828589990644
808289990645
818189990646
828489990647
858589990648
858589990649
86838999064A
84828999064B
84848899064C
85878999064D
87888A99064E
86888A99064F
85878A990640
86888B990641
85888B990642
86888B990643
88898C990644
898A8C990645
8B8D8D990646
8F918E990647
90928F990648
93948E990649
93979099064A
95979099064B
96989099064C
96989099064D
94968F99064E
95978F99064F
95958F990640
94948F990641
94938E990642
95928E990643
928F8F990644
908E8E990645
918F8E990646
908F8E990647
90908E990648
908F90990649
91919099064A
93928F99064B
92918F99064C
93928D99064D
92928E99064E
92918D99064F
908E8C990640
8C8C8B990641
89898A990642
838387990643
818087990644
7E7E87990645
7B7C87990646
7C7E87990647
7D7F88990648
808289990649
81828A99064A
83838A99064B
84848A99064C
83858A99064D
84848B99064E
84878C99064F
87898C990640
8A8A8D990641
8F8F8E990642
91928E990743
94958F990744
979890990745
9B9A90990746
9D9B91990747
9FA191990748
9DA191990749
9CA09299074A
9B9C9299074B
9B9A9199074C
98999099074D
94938E99074E
8E918D99074F
8D8F8C990740
898B8B990741
868889990742
858789990743
82878A990744
84878A990745
85868A990746
85858A990747
85848A990748
86848A990749
87858B99074A
85838A99074B
86838A99074C
85858A99074D
85858A99074E
85868A99074F
84868A990740
83868A990741
85888B990742
868B8B990743
888A8C990744
8C8B8C990745
8C8D8C990746
8A8C8D990747
8D8C8E990748
8F8E8E990749
908F8E99074A
91919099074B
92928F99074C
96979199074D
97979099074E
96978F99074F
95958E990740
92928D990741
918F8B990742
8D8D8A990743
8A8989990744
878888990745
868687990746
828187990747
828087990748
808087990749
81818899074A
80808899074B
81828899074C
7F828799074D
7F808799074E
7C7D8799074F
7D7E87990740
808189990741
82838A990742
85858B990743
87888D990744
878A8D990745
898B8D990746
8A8B8C990747
8C8B8D990748
8A8A8D990749
898A8D99074A
888B8C99074B
888B8C99074C
888C8C99074D
8A8C8B99074E
8C8C8C99074F
8E8E8C990740
91918E990741
96948E990742
96938E990743
95928E990744
96938D990745
95958D990746
95948E990747
93948D990748
93948D990749
8F908B99074A
8D8C8B99074B
8C898A99074C
8B888A99074D
8A878A99074E
89878A99074F
8B888A990740
88878B990741
86878A990742
85878A990743
858889990744
848689990745
83858A990746
83868A990647
84868A990648
83848A990649
83848A99064A
82838A99064B
83848A99064C
83858A99064D
84858C99064E
87878B99064F
88878C990640
89888C990641
8E8E8E990642
8F918E990643
90918E990644
949490990645
949590990646
949590990647
929790990648
939690990649
94968E99064A
97968E99064B
98978E99064C
999B9099064D
999A9199064E
999A9099064F
979A90990640
969890990641
96978F990642
91948D990643
8F918B990644
8C8E8A990645
878989990646
848689990647
808389990648
858589990649
85878A99064A
85878B99064B
86898B99064C
88898A99064D
84878A99064E
82848999064F
808189990640
818189990641
818389990642
80828A990643
81858B990644
83858C990645
87888C990646
8A8A8E990647
8B8A8F990648
8D8C8E990649
91908F99064A
92929099064B
92939199064C
93949199064D
95959199064E
95929099064F
95928E990640
95948F990641
94948E990642
92928D990643
90908C990644
8F908B990645
90908B990646
91908A990647
908F89990648
8A8C88990649
888A8799064A
86898899064B
82838799064C
7F7E8699064D
7F7E8599064E
7F7F8599064F
7F8186990640
828187990641
818288990642
7F8388990643
808388990644
828388990645
838489990646
838489990647
828388990648
828088990649
81808999064A
82848999064B
83858A99064C
85868B99064D
88888C99064E
8D8C8E99064F
8F8D8F990640
91908F990641
919290990642
909390990643
919390990644
92928E990645
91928F990646
91928F990647
8F928E990648
8B8F8D990649
8C8E8D99064A
8F8F8D99074B
8E8F8D99074C
90918E99074D
93948E99074E
95948F99074F
95938E990740
99948E990741
98958E990742
98968E990743
95978E990744
92968F990745
8F928D990746
91928E990747
90928E990748
8D8F8D990749
8B8C8B99074A
8C8D8C99074B
8A8B8C99074C
898A8C99074D
8A8A8D99074E
8B8C8D99074F
8B8D8E990740
8E8D8E990741
8F8E8E990742
928F8F990743
949290990744
949590990745
95958F990746
93928E990747
94938D990748
93928D990749
92928B99074A
8D908A99074B
8E8F8999074C
898C8899074D
858B8899074E
83888899074F
828588990740
838589990741
848589990742
848589990743
87888B990744
89888B990745
8A878B990746
8D898D990747
8D8B8C990748
8D8B8C990749
8B8C8C99074A
8B8B8B99074B
8B8B8B99074C
8B8C8B99074D
8D8D8B99074E
8D8D8C99074F
8E8F8C990740
8C8E8C990741
8A8C8B990742
8B8B8B990743
8B898B990744
8A888B990745
8B878B990746
89868A990747
878789990748
87888A990749
898A8C99074A
8B8B8C99074B
8C8D8C99074C
8B8D8D99074D
8F928E99074E
8F928D99074F
90928E990740
91938F990741
90948E990742
90918E990743
8E8E8D990744
8D8C8D990745
8A8C8C990746
898A8B990747
87868A990748
84848A990749
85858A99074A
86858999074B
85848999074C
86858A99074D
85868B99074E
85858B99074F
84858B990740
84858A990741
85868B990742
89888C990743
8C8C8D990744
8B8D8D990745
8C8D8E990746
91918D990747
94948F990748
94958F990749
96958F99074A
94938F99074B
95948F99074C
96988F99074D
96989099074E
97999099064F
9A9790990640
9A9790990641
98968F990642
93948D990643
92918C990644
8D8E8B990645
868789990646
848588990647
818288990648
7E7F88990649
7E7E8799064A
7C7C8799064B
7C7D8799064C
7B7F8799064D
7F828999064E
80838A99064F
82858A990640
88898B990641
8C8C8C990642
8E8E8C990643
91928D990644
92928E990645
93938E990646
96948F990647
97948F990648
999590990649
9B989099064A
9D9B9199064B
9D9D9299064C
9D9D9299064D
9E9D9299064E
9D9C9299064F
9A968E990640
95928D990641
90908C990642
8A8A8A990643
87888A990644
86878A990645
85868B990646
82878B990647
84878B990648
86878B990649
85878B99064A
85888999064B
85878A99064C
82848999064D
84858899064E
83868799064F
808286990640
7F7C86990641
7D7D87990642
818188990643
828488990644
858789990645
8B8C8C990646
918F8D990647
93908E990648
95948F990649
95958F99064A
97958F99064B
96938F99064C
94939099064D
94949099064E
96969099064F
979791990640
999D92990641
9A9E92990642
9C9E91990643
9D9F90990644
9D9C90990645
98998F990646
91948D990647
8E8F8C990648
8B8A8A990649
82858899064A
7D818899064B
7B7F8899064C
7D808899064D
7F818799064E
81858899064F
85898A990640
86888A990641
868889990642
858788990643
848588990644
828588990645
828388990646
818089990647
807E88990648
7F7E89990649
807F8A99064A
82828B99064B
84838C99064C
87878D99064D
8A8C8E99064E
8D8E8F99064F
91928F990640
969590990641
959590990642
94938E990743
93928F990744
90908D990745
8D908C990746
888B8A990747
86898A990748
85878A990749
81838A99074A
7F818A99074B
7D7F8A99074C
7D7D8A99074D
7D7D8999074E
7D808999074F
7F8188990740
7F8088990741
7F8189990742
7F8388990743
808288990744
808288990745
818288990746
808189990747
7E7F88990748
7E7E88990749
7E7E8799074A
7F7F8999074B
83848A99074C
85868B99074D
85878B99074E
87878B99074F
89898C990740
8A898C990741
8B8C8D990742
8A8B8C990743
8B8A8B990744
8A8A8B990745
878789990746
858589990747
828289990748
818089990749
817E8999074A
81818A99074B
80828A99074C
81848B99074D
84868C99074E
87888C99074F
88898C990740
898B8C990741
8A8C8B990742
8A8E8C990743
8D8F8C990744
91928E990745
92938D990746
93948D990747
93938E990748
8F908E990749
908F8E99074A
908F8D99074B
908E8C99074C
908F8D99074D
91928E99074E
92948E99074F
91928E990740
90908E990741
91908D990742
91918D990743
8F908D990744
8C8E8C990745
8E8F8C990746
8E8F8C990747
8F8F8C990748
8F8F8C990749
93928C99074A
96958E99074B
98978D99074C
98958E99074D
96938E99074E
91908D99074F
8D8C8C990740
8B8B8C990741
8A8A8B990742
87898B990743
8B8A8B990744
8C8C8B990745
908F8C990746
90908D990747
8F908D990748
8F8F8D990749
8D8F8D99074A
8E8E8E99074B
8E8F8E99074C
8F918E99074D
8F908D99074E
908F8D99074F
8E8D8D990740
8E8C8E990741
8E8E8D990742
8E8F8E990743
8E8E8D990744
8A8C8C990745
8B8A8B990746
8B8A8B990647
89878B990648
8A898B990649
8B8A8B99064A
8B8B8C99064B
8C8D8D99064C
8C8F8D99064D
8E8F8C99064E
8E8D8C99064F
8C8B8C990640
898D8C990641
8B8D8C990642
8A8B8C990643
898A8B990644
89898B990645
88898B990646
86888B990647
86888A990648
83878A990649
82878A99064A
85898B99064B
868B8B99064C
898E8C99064D
8B8E8D99064E
8D908E99064F
8D918E990640
90908E990641
8E8F8D990642
8E8B8C990643
8D8A8B990644
8C8A8B990645
8B8C8C990646
8E8F8B990647
8E8E8B990648
8D8E8B990649
8C8D8B99064A
8F8C8C99064B
8E8C8D99064C
8C8C8D99064D
8B8C8D99064E
8B8A8C99064F
89888B990640
84878B990641
838789990642
81868B990643
85888B990644
87888B990645
8C8A8C990646
8E8D8D990647
8F8F8D990648
91918E990649
90918E99064A
91918E99064B
90918D99064C
90918D99064D
918E8D99064E
8F8C8D99064F
8C8B8C990640
8C8D8C990641
8C8D8C990642
8B8D8C990643
8A8A8B990644
87888C990645
888B8B990646
888A8B990647
898A8B990648
8B8B8C990649
8F8E8E99064A
908E8E99064B
908F8E99064C
92928F99064D
91918E99064E
8E918C99064F
8C8F8C990640
8C8D8C990641
88898A990642
848488990643
848388990644
848489990645
86848A990646
88868B990647
8B8B8C990648
8D8D8D990649
8E8F8D99064A
8F928D99064B
91928D99064C
92918D99064D
93938B99064E
8F938D99064F
8F918C990640
8F8F8B990641
8D8D8C990642
8B8C8C990643
898B8C990644
898C8C990645
898A8C990646
898A8B990647
89898A990648
89898B990649
898C8B99064A
8C8E8C99074B
8D8E8C99074C
90908D99074D
92918D99074E
91918E99074F
93918D990740
90928E990741
8D8F8D990742
8F8F8C990743
908D8C990744
8E8C8C990745
8B878B990746
8B868A990747
88868A990748
88858A990749
87868A99074A
88888B99074B
88878B99074C
8A898C99074D
8D8C8D99074E
8D8E8D99074F
8D908D990740
92918E990741
93938E990742
94938F990743
93948F990744
93958E990745
92958E990746
94948F990747
94948F990748
93948F990749
90908E99074A
8F918F99074B
8F8F8E99074C
8E8E8E99074D
8C8D8C99074E
8B8D8D99074F
8C8E8C990740
8B8C8B990741
8B8C8B990742
8A898A990743
89888A990744
878889990745
85888A990746
82888A990747
828889990748
868989990749
86898999074A
87888B99074B
8A898B99074C
8A888B99074D
89888B99074E
87868A99074F
88898A990740
88898B990741
898C8C990742
898A8C990743
8B8A8C990744
8D8A8C990745
8C8A8C990746
8A8A8C990747
898A8B990748
888989990749
89888999074A
89888A99074B
888A8A99074C
88898A99074D
888B8A99074E
86888B99074F
87888A990740
878989990741
87898A990742
88898A990743
878789990744
87878B990745
88888B990746
89898C990747
8A898C990748
8B898C990749
8B8A8C99074A
8C8B8D99074B
8E8D8D99074C
8E928E99074D
8D918E99074E
8E928E99074F
90928E990740
90938E990741
92948F990742
92948F990743
94948F990744
95938F990745
93938F990746
93958F990747
92928E990748
91908D990749
8F8F8C99074A
8D8B8C99074B
8A8A8B99074C
8A8B8B99074D
898A8A99074E
898B8A99064F
898C8A990640
8A8C8B990641
8D8D8C990642
8E8D8C990643
908E8C990644
8F8F8C990645
8F8F8C990646
91908D990647
918F8D990648
918D8D990649
8D8B8B99064A
8A878A99064B
88868A99064C
84868999064D
83848899064E
83838999064F
838388990640
838288990641
838389990642
81828A990643
80838A990644
81858A990645
82868A990646
82858A990647
81838A990648
83848B990649
85848B99064A
85858C99064B
87888C99064C
8A8C8D99064D
8B8C8E99064E
8C8E8E99064F
8D8E8E990640
8D8F8E990641
8E918E990642
8D908F990643
8F8D8F990644
928E8E990645
918F8E990646
91908E990647
8F908E990648
8E918F990649
8E918F99064A
8F8F8F99064B
8F918E99064C
8E908E99064D
90908D99064E
908F8D99064F
8F8E8B990640
908F8B990641
8F908B990642
8F8F8A990643
8E8F8A990644
8D908B990645
8A8E8B990646
8A8C8A990647
8A8A8A990648
888A8A990649
87898A99064A
85878A99064B
85868A99064C
87868A99064D
88868A99064E
88888A99064F
88898A990640
87898B990641
88898B990642
8A898B990643
8F8E8D990644
91908D990645
96948E990646
97978F990647
98988F990648
99988F990649
99959199064A
99969199064B
97969099064C
96948F99064D
95938F99064E
91908E99064F
8E8B8D990640
8D8D8D990641
8B8B8C990642
888A8C990643
868A8B990644
878A8B990645
89898B990646
8A8B8A990647
8B8C8A990648
8B8A8A990649
8A898B99064A
89878A99064B
87858A99064C
86878A99064D
85868A99064E
86878A99064F
868A8A990640
858989990641
848889990642
848789990743
808187990744
7D7F87990745
7B8087990746
7C7F87990747
7C8087990748
818389990749
85868A99074A
86888B99074B
898A8C99074C
8E8D8D99074D
91908E99074E
92918E99074F
92928E990740
94948F990741
95948F990742
94958D990743
91918D990744
8F8F8D990745
8B8A8C990746
888A8C990747
87888C990748
86878C990749
86888C99074A
888B8C99074B
8A8B8D99074C
8B8D8E99074D
8E8E8E99074E
92949099074F
949790990740
969790990741
989891990742
989891990743
999891990744
979691990745
969590990746
95948F990747
91918D990748
8F8C8C990749
8D8C8B99074A
8D8C8B99074B
8B888A99074C
8B898A99074D
89878999074E
88878999074F
868689990740
848589990741
838489990742
848289990743
848289990744
848289990745
848389990746
84848A990747
83848A990748
83848A990749
83848A99074A
82858999074B
83868999074C
83868999074D
83868A99074E
86878B99074F
888B8C990740
8C8D8C990741
8B8B8C990742
8C8A8C990743
8B8A8C990744
89898B990745
8A8A8B990746
8B8A8B990747
8C8A8C990748
8D8C8C990749
8E8E8D99074A
8F8F8D99074B
90928D99074C
90928D99074D
90918C99074E
8D8C8B99074F
888889990740
858789990741
838789990742
838689990743
84858A990744
83858A990745
84868B990746
87878C990747
8A8A8C990748
8C8E8C990749
8F8F8C99074A
8F8E8C99074B
8D8D8B99074C
8D8D8D99074D
8F8E8E99074E
90918E99074F
90928F990740
92918F990741
90918E990742
91928F990743
93958F990744
94958F990745
95948F990746
94928E990647
92918C990648
8F8E8D990649
8D8E8D99064A
8C8D8C99064B
8B8B8D99064C
8B8B8D99064D
8E8E8D99064E
8B8D8D99064F
8C8C8D990640
8C8F8D990641
8D8F8D990642
8E8F8D990643
908E8F990644
918F8F990645
92918F990646
93938F990647
94948E990648
94958E990649
92948E99064A
90928C99064B
8E908C99064C
8B8E8C99064D
8C8F8D99064E
8A8C8D99064F
8C8A8D990640
8C8B8D990641
8C8B8E990642
8E8C8E990643
8E8D8D990644
8F8F8D990645
90908D990646
8D8F8E990647
8C8F8E990648
8D8E8D990649
8F8C8C99064A
8D8B8C99064B
8C898B99064C
8B8A8A99064D
8A8B8A99064E
83878899064F
818587990640
818588990641
808388990642
828488990643
838488990644
828487990645
838488990646
838388990647
848489990648
868688990649
87878999064A
86888999064B
85878A99064C
86868A99064D
86878999064E
87888A99064F
868A8B990640
888C8B990641
8B8D8D990642
8B8B8D990643
8C8B8D990644
8E8E8E990645
8F908E990646
8F908F990647
91908F990648
92918E990649
91928E99064A
8F918E99064B
8E8F8D99064C
8D8F8C99064D
8E8D8B99064E
8D8E8B99064F
8A8B8B990640
88898A990641
86878A990642
85858A990643
85878A990644
85878A990645
84878B990646
87878B990647
88878B990648
89888B990649
898A8B99064A
888A8B99064B
898B8B99064C
8A8C8B99064D
8A8B8B99064E
8C8A8B99064F
8B898B990640
8A898A990641
89878A990642
858589990643
838289990644
818087990645
807E87990646
808088990647
818388990648
818389990649
83858A99064A
87878B99074B
88888B99074C
8A898C99074D
8A8A8C99074E
8C8C8C99074F
8D8C8D990740
8E8E8D990741
8F8E8D990742
8D8E8D990743
8D8F8D990744
8F928E990745
90938E990746
91928F990747
92928E990748
90928F990749
92928F99074A
92928E99074B
93948E99074C
93949099074D
93948F99074E
93948F99074F
95938F990740
94948F990741
94948F990742
95938E990743
94928E990744
93938D990745
90908D990746
8E8F8D990747
898B8C990748
89898B990749
8A888B99074A
87868A99074B
84878A99074C
82868999074D
83828999074E
83818999074F
838489990740
85878A990741
87898B990742
8B8C8B990743
8E8F8D990744
8E8E8D990745
8F8F8D990746
8E8E8C990747
8E8C8B990748
8B8A8A990749
87868A99074A
85858999074B
86868B99074C
88868C99074D
88888C99074E
88898C99074F
898A8C990740
8B8E8C990741
8B8F8C990742
908F8D990743
92938F990744
93938F990745
95948F990746
95948F990747
959490990748
959590990749
93939099074A
94939099074B
95958F99074C
95958F99074D
92938F99074E
91918E99074F
8D8F8E990740
8D8E8D990741
8D8E8D990742
8D8D8D990743
8D8D8C990744
8D8D8C990745
8B8D8C990746
898C8B990747
878A89990748
868989990749
86898A99074A
89888999074B
8C8A8999074C
8B8A8A99074D
8B8C8C99074E
8D8E8C99074F
8D8E8C990740
8C8F8C990741
8B8F8C990742
8B8F8C990743
8A8F8C990744
8C8E8C990745
8B8A8C990746
8A898C990747
88888B990748
86888B990749
85878B99074A
84878999074B
85878B99074C
87888B99074D
88888B99074E
87888B99064F
87898B990640
87888B990641
88898B990642
88898B990643
87898B990644
88878A990645
87858A990646
87878A990647
888889990648
898A8A990649
898B8A99064A
898C8B99064B
898B8B99064C
86898A99064D
88868B99064E
88888B99064F
88878C990640
8A878C990641
8A898C990642
88898D990643
898A8D990644
8A8B8E990645
8D9190990646
92948F990647
949490990648
999691990649
97969099064A
96948F99064B
94958E99064C
90908D99064D
908F8C99064E
8D8E8C99064F
8B8B8A990640
878A89990641
888988990642
888889990643
878889990644
86878A990645
88878A990646
89888A990647
88888B990648
8B898B990649
8A898B99064A
88888B99064B
84868999064C
82848899064D
82848899064E
81848899064F
808288990640
808388990641
838389990642
858289990643
86858A990644
87868A990645
88878B990646
8C8C8B990647
8F8F8C990648
91918D990649
92938E99064A
96958F99064B
97979099064C
98979099064D
97968F99064E
95948F99064F
92928F990640
91928F990641
8F918E990642
8E908D990643
8B8E8C990644
8A8D8B990645
888A8A990646
86878A990647
86888A990648
86878A990649
88898B99064A
88888C99064B
8A898B99064C
8B8C8C99064D
8C8E8C99064E
8C8E8D99064F
8E928E990640
90908E990641
928F8E990642
938F8E990643
938F8E990644
93908E990645
92938E990646
91938D990647
91928D990648
90908D990649
8E8E8D99064A
8E918D99064B
8D928D99064C
8E908C99064D
8E8E8D99064E
8F8E8D99064F
908E8D990640
8D8D8D990641
8C8B8D990642
8B8C8D990743
8B8A8D990744
8A8B8D990745
8A8C8E990746
8C8C8D990747
8E908E990748
90908D990749
8E8E8C99074A
8B8C8B99074B
88898A99074C
84858999074D
82838999074E
81818899074F
828089990740
828389990741
87868B990742
8A8A8C990743
8E8C8C990744
8E8D8C990745
8C8D8D990746
898C8C990747
888B8C990748
878A8C990749
8A8A8C99074A
8A8A8B99074B
8A8A8B99074C
8A898C99074D
8A8A8C99074E
89898C99074F
88888C990740
88898C990741
888A8C990742
898B8C990743
898C8D990744
8C8D8D990745
8E8F8D990746
8E8F8E990747
90928E990748
92938F990749
93938F99074A
92938E99074B
91928D99074C
90928D99074D
90918D99074E
90918D99074F
90908C990740
8E8C8D990741
8A898B990742
89898A990743
89898B990744
898B8B990745
898B8C990746
8B8E8D990747
8C908D990748
8C918D990749
8D918D99074A
8D8D8C99074B
88878A99074C
86848999074D
83808899074E
83808899074F
808087990740
7F7F87990741
7D7F87990742
7C7F87990743
7E8187990744
7E8287990745
808288990746
828388990747
838389990748
86878B990749
898A8C99074A
8B8B8D99074B
8E8C8D99074C
92908E99074D
93928E99074E
94958E99074F
93958E990740
8F918E990741
8C8E8D990742
8A8A8D990743
898A8D990744
898A8D990745
8A8B8C990746
898B8C990747
888C8C990748
87898C990749
87898C99074A
888B8B99074B
8A8A8B99074C
8C8C8C99074D
8B8C8C99074E
8C8D8C99074F
8F908C990740
90908D990741
8F8F8C990742
8D8D8B990743
8B8C8C990744
8D8F8D990745
90908D990746
91908D990647
90908D990648
8F8C8C990649
8E8B8A99064A
898A8999064B
89898999064C
88888999064D
898A8B99064E
8C8D8D99064F
8F8F8D990640
90908E990641
93928E990642
91918F990643
90918E990644
90908E990645
8E8D8D990646
8B8B8B990647
88898A990648
858889990649
84838899064A
81838899064B
84838999064C
86858A99064D
87888B99064E
88898A99064F
898A8A990640
8D8D8D990641
8D8E8D990642
8D8F8E990643
91938E990644
93948F990645
92938F990646
92908F990647
938F8F990648
938F8D990649
8F8F8D99064A
8D8F8C99064B
8C8D8C99064C
8A8B8B99064D
8A8A8A99064E
8B8B8B99064F
8A8A8B990640
87888B990641
89898C990642
8C8E8C990643
8E908D990644
908F8E990645
8F8D8D990646
8F8D8D990647
8D8D8D990648
888B8C990649
86898C99064A
86878B99064B
888A8B99064C
898A8C99064D
89888B99064E
8A8A8C99064F
898A8C990640
8B8D8C990641
908F8D990642
8F8F8D990643
8F908D990644
8D8F8D990645
8C908D990646
8D908C990647
8E8E8D990648
8F8D8C990649
8F8F8D99064A
8E908E99064B
8F918F99064C
8E8F8D99064D
8D8E8D99064E
8C8D8C99064F
8A8C8C990640
88898B990641
86888A990642
848789990643
858789990644
858589990645
85848A990646
848489990647
858689990648
85878A990649
85868999064A
85868A99064B
88878A99064C
8A8B8B99064D
8A898C99064E
8A898C99064F
8E8D8D990640
8E8E8E990641
8F908E990642
8F8F8E990643
8D8F8E990644
8F918E990645
90928E990646
93948E990647
93958F990648
93958F990649
94969099064A
94958F99074B
96928F99074C
93918F99074D
938F8E99074E
91908C99074F
8C8D8A990740
8A8A8A990741
8A888B990742
8A898B990743
898A8A990744
8A8C8A990745
888C8A990746
878889990747
868688990748
868589990749
86858999074A
88868A99074B
87868A99074C
86868A99074D
85868A99074E
85858A99074F
87848A990740
88848A990741
88868A990742
89898B990743
8A898C990744
8A898C990745
8C8A8C990746
8C8C8C990747
8D8B8C990748
8F8C8C990749
8D8D8D99074A
8D8E8C99074B
8D8F8D99074C
8D908D99074D
8B918D99074E
8C8E8E99074F
8D8D8D990740
8C8D8E990741
8C8C8D990742
8D8C8D990743
8C8D8D990744
8B8D8C990745
8B8B8C990746
8A8B8C990747
898D8C990748
8C8E8C990749
8C8D8C99074A
8E8D8C99074B
91928D99074C
94948E99074D
95958E99074E
94948D99074F
92928D990740
918F8D990741
908E8C990742
8F8C8B990743
8D8B8A990744
888889990745
878689990746
858589990747
83888A990748
838989990749
81868A99074A
80848A99074B
81838A99074C
82848B99074D
86888B99074E
888A8C99074F
878A8C990740
88898C990741
88898C990742
89898C990743
88888B990744
87898B990745
88898C990746
898B8C990747
8A8E8D990748
8F908E990749
92928E99074A
93928E99074B
96958F99074C
95948E99074D
93908D99074E
90908C99074F
90908D990740
